2020-06-23 19:21:42.365 <?xml version="1.0" encoding="UTF-8" standalone="yes"?>
<ixn:interactionDto xmlns:com="http://isis.apache.org/schema/common" xmlns:cmd="http://isis.apache.org/schema/cmd" xmlns:ixn="http://isis.apache.org/schema/ixn">
    <ixn:majorVersion>1</ixn:majorVersion>
    <ixn:minorVersion>0</ixn:minorVersion>
    <ixn:transactionId>92d70401-afa4-49c0-8111-d718d6b0f53d</ixn:transactionId>
    <ixn:execution xsi:type="ixn:actionInvocationDto" interactionType="action_invocation" xmlns:xsi="http://www.w3.org/2001/XMLSchema-instance">
        <ixn:sequence>0</ixn:sequence>
        <ixn:target type="homepage.HomePageService" id="1"/>
        <ixn:logicalMemberIdentifier>homepage.HomePageService#homePage()</ixn:logicalMemberIdentifier>
        <ixn:memberIdentifier>domainapp.application.services.homepage.HomePageService#homePage()</ixn:memberIdentifier>
        <ixn:user>sven</ixn:user>
        <ixn:title>homepage.HomePageService:1: homePage()</ixn:title>
        <ixn:metrics>
            <ixn:timings>
                <com:startedAt>2020-06-23T19:21:41.971-03:00</com:startedAt>
                <com:completedAt>2020-06-23T19:21:42.151-03:00</com:completedAt>
            </ixn:timings>
            <ixn:objectCounts>
                <ixn:loaded before="0" after="0"/>
                <ixn:dirtied before="0" after="0"/>
            </ixn:objectCounts>
        </ixn:metrics>
        <ixn:parameters/>
        <ixn:returned type="reference" null="false">
            <com:reference objectState="viewModel" type="domainapp.application.services.homepage.HomePageViewModel" id="PD94bWwgdmVyc2lvbj0iMS4wIiBlbmNvZGluZz0iVVRGLTgiPz4KPG1lbWVudG8vPg=="/>
        </ixn:returned>
    </ixn:execution>
</ixn:interactionDto>

