2020-06-23 19:10:36.929 START: workQueue.size: 0, waited for: 1ms, ChangesDtoUtils.init()
2020-06-23 19:10:36.930 START: workQueue.size: 0, waited for: 2ms, SpecificationLoader#init()
2020-06-23 19:10:36.929 START: workQueue.size: 0, waited for: 1ms, InteractionDtoUtils.init()
2020-06-23 19:10:36.929 START: workQueue.size: 0, waited for: 1ms, persistenceSessionFactory#init(...)
2020-06-23 19:10:37.866 END: completed in: 936ms, ChangesDtoUtils.init()
2020-06-23 19:10:37.866 START: workQueue.size: 0, waited for: 938ms, CommandDtoUtils.init()
2020-06-23 19:10:38.068 END: completed in: 1139ms, InteractionDtoUtils.init()
2020-06-23 19:10:38.069 START: workQueue.size: 1, waited for: 649ms, org.apache.isis.core.runtime.system.session.IsisSessionFactory: #introspectUpTo( TYPE_INTROSPECTED )
2020-06-23 19:10:38.108 END: completed in: 242ms, CommandDtoUtils.init()
2020-06-23 19:10:38.108 START: workQueue.size: 1, waited for: 689ms, org.apache.isis.core.runtime.system.persistence.PersistenceSessionFactory: #introspectUpTo( TYPE_INTROSPECTED )
2020-06-23 19:10:38.364 END: completed in: 256ms, org.apache.isis.core.runtime.system.persistence.PersistenceSessionFactory: #introspectUpTo( TYPE_INTROSPECTED )
2020-06-23 19:10:38.364 START: workQueue.size: 1, waited for: 945ms, org.apache.isis.core.metamodel.specloader.SpecificationLoader: #introspectUpTo( TYPE_INTROSPECTED )
2020-06-23 19:10:38.381 END: completed in: 17ms, org.apache.isis.core.metamodel.specloader.SpecificationLoader: #introspectUpTo( TYPE_INTROSPECTED )
2020-06-23 19:10:38.389 START: workQueue.size: 1, waited for: 970ms, org.apache.isis.core.runtime.authorization.standard.AuthorizationManagerStandard: #introspectUpTo( TYPE_INTROSPECTED )
2020-06-23 19:10:38.418 END: completed in: 29ms, org.apache.isis.core.runtime.authorization.standard.AuthorizationManagerStandard: #introspectUpTo( TYPE_INTROSPECTED )
2020-06-23 19:10:38.419 START: workQueue.size: 1, waited for: 1000ms, org.apache.isis.core.runtime.authentication.standard.AuthenticationManagerStandard: #introspectUpTo( TYPE_INTROSPECTED )
2020-06-23 19:10:38.387 END: completed in: 299ms, org.apache.isis.core.runtime.system.session.IsisSessionFactory: #introspectUpTo( TYPE_INTROSPECTED )
2020-06-23 19:10:38.451 START: workQueue.size: 1, waited for: 1018ms, org.apache.isis.core.commons.config.IsisConfigurationDefault: #introspectUpTo( TYPE_INTROSPECTED )
2020-06-23 19:10:38.457 END: completed in: 38ms, org.apache.isis.core.runtime.authentication.standard.AuthenticationManagerStandard: #introspectUpTo( TYPE_INTROSPECTED )
2020-06-23 19:10:38.469 START: workQueue.size: 1, waited for: 1049ms, org.apache.isis.core.runtime.services.deplcat.DeploymentCategoryProviderDefault: #introspectUpTo( TYPE_INTROSPECTED )
2020-06-23 19:10:38.480 END: completed in: 12ms, org.apache.isis.core.runtime.services.deplcat.DeploymentCategoryProviderDefault: #introspectUpTo( TYPE_INTROSPECTED )
2020-06-23 19:10:38.480 START: workQueue.size: 1, waited for: 1061ms, org.apache.isis.objectstore.jdo.datanucleus.service.eventbus.EventBusServiceJdo: #introspectUpTo( TYPE_INTROSPECTED )
2020-06-23 19:10:38.506 END: completed in: 69ms, org.apache.isis.core.commons.config.IsisConfigurationDefault: #introspectUpTo( TYPE_INTROSPECTED )
2020-06-23 19:10:38.507 START: workQueue.size: 1, waited for: 1088ms, org.apache.isis.applib.services.queryresultscache.QueryResultsCache$Control: #introspectUpTo( TYPE_INTROSPECTED )
2020-06-23 19:10:38.525 END: completed in: 45ms, org.apache.isis.objectstore.jdo.datanucleus.service.eventbus.EventBusServiceJdo: #introspectUpTo( TYPE_INTROSPECTED )
2020-06-23 19:10:38.526 START: workQueue.size: 1, waited for: 1107ms, domainapp.modules.simple.dom.impl.persona.PersonaMenu: #introspectUpTo( TYPE_INTROSPECTED )
2020-06-23 19:10:38.529 END: completed in: 22ms, org.apache.isis.applib.services.queryresultscache.QueryResultsCache$Control: #introspectUpTo( TYPE_INTROSPECTED )
2020-06-23 19:10:38.529 START: workQueue.size: 1, waited for: 1110ms, org.apache.isis.applib.services.fixturespec.FixtureScriptsDefault: #introspectUpTo( TYPE_INTROSPECTED )
2020-06-23 19:10:38.581 END: completed in: 55ms, domainapp.modules.simple.dom.impl.persona.PersonaMenu: #introspectUpTo( TYPE_INTROSPECTED )
2020-06-23 19:10:38.581 START: workQueue.size: 1, waited for: 1162ms, org.apache.isis.applib.services.layout.LayoutServiceMenu: #introspectUpTo( TYPE_INTROSPECTED )
2020-06-23 19:10:38.639 END: completed in: 58ms, org.apache.isis.applib.services.layout.LayoutServiceMenu: #introspectUpTo( TYPE_INTROSPECTED )
2020-06-23 19:10:38.639 START: workQueue.size: 1, waited for: 1220ms, org.apache.isis.applib.services.metamodel.MetaModelServicesMenu: #introspectUpTo( TYPE_INTROSPECTED )
2020-06-23 19:10:38.657 END: completed in: 18ms, org.apache.isis.applib.services.metamodel.MetaModelServicesMenu: #introspectUpTo( TYPE_INTROSPECTED )
2020-06-23 19:10:38.658 START: workQueue.size: 1, waited for: 1239ms, org.apache.isis.applib.services.swagger.SwaggerServiceMenu: #introspectUpTo( TYPE_INTROSPECTED )
2020-06-23 19:10:38.658 END: completed in: 129ms, org.apache.isis.applib.services.fixturespec.FixtureScriptsDefault: #introspectUpTo( TYPE_INTROSPECTED )
2020-06-23 19:10:38.660 START: workQueue.size: 1, waited for: 1240ms, org.apache.isis.core.runtime.services.i18n.po.TranslationServicePoMenu: #introspectUpTo( TYPE_INTROSPECTED )
2020-06-23 19:10:38.672 END: completed in: 14ms, org.apache.isis.applib.services.swagger.SwaggerServiceMenu: #introspectUpTo( TYPE_INTROSPECTED )
2020-06-23 19:10:38.672 START: workQueue.size: 1, waited for: 1253ms, org.apache.isis.applib.services.hsqldb.HsqlDbManagerMenu: #introspectUpTo( TYPE_INTROSPECTED )
2020-06-23 19:10:38.680 END: completed in: 20ms, org.apache.isis.core.runtime.services.i18n.po.TranslationServicePoMenu: #introspectUpTo( TYPE_INTROSPECTED )
2020-06-23 19:10:38.680 START: workQueue.size: 1, waited for: 1261ms, org.apache.isis.applib.services.config.ConfigurationServiceMenu: #introspectUpTo( TYPE_INTROSPECTED )
2020-06-23 19:10:38.685 END: completed in: 13ms, org.apache.isis.applib.services.hsqldb.HsqlDbManagerMenu: #introspectUpTo( TYPE_INTROSPECTED )
2020-06-23 19:10:38.690 END: completed in: 10ms, org.apache.isis.applib.services.config.ConfigurationServiceMenu: #introspectUpTo( TYPE_INTROSPECTED )
2020-06-23 19:10:38.706 START: workQueue.size: 1, waited for: 1286ms, org.apache.isis.applib.conmap.ContentMappingServiceForCommandDto$CopyOverFromCommand: #introspectUpTo( TYPE_INTROSPECTED )
2020-06-23 19:10:38.706 START: workQueue.size: 1, waited for: 1286ms, domainapp.application.services.health.HealthCheckServiceImpl: #introspectUpTo( TYPE_INTROSPECTED )
2020-06-23 19:10:38.719 END: completed in: 13ms, domainapp.application.services.health.HealthCheckServiceImpl: #introspectUpTo( TYPE_INTROSPECTED )
2020-06-23 19:10:38.720 START: workQueue.size: 1, waited for: 1301ms, domainapp.application.services.homepage.HomePageService: #introspectUpTo( TYPE_INTROSPECTED )
2020-06-23 19:10:38.748 END: completed in: 28ms, domainapp.application.services.homepage.HomePageService: #introspectUpTo( TYPE_INTROSPECTED )
2020-06-23 19:10:38.749 START: workQueue.size: 1, waited for: 1329ms, domainapp.modules.simple.dom.impl.socio.SocioRepository: #introspectUpTo( TYPE_INTROSPECTED )
2020-06-23 19:10:38.755 END: completed in: 7ms, domainapp.modules.simple.dom.impl.socio.SocioRepository: #introspectUpTo( TYPE_INTROSPECTED )
2020-06-23 19:10:38.756 START: workQueue.size: 1, waited for: 1337ms, org.apache.isis.applib.services.dto.DtoMappingHelper: #introspectUpTo( TYPE_INTROSPECTED )
2020-06-23 19:10:38.767 END: completed in: 62ms, org.apache.isis.applib.conmap.ContentMappingServiceForCommandDto$CopyOverFromCommand: #introspectUpTo( TYPE_INTROSPECTED )
2020-06-23 19:10:38.767 START: workQueue.size: 1, waited for: 1348ms, org.apache.isis.core.runtime.services.background.CommandExecutorServiceDefault: #introspectUpTo( TYPE_INTROSPECTED )
2020-06-23 19:10:38.775 END: completed in: 8ms, org.apache.isis.core.runtime.services.background.CommandExecutorServiceDefault: #introspectUpTo( TYPE_INTROSPECTED )
2020-06-23 19:10:38.776 START: workQueue.size: 1, waited for: 1356ms, org.apache.isis.core.runtime.services.menubars.MenuBarsLoaderServiceDefault: #introspectUpTo( TYPE_INTROSPECTED )
2020-06-23 19:10:38.787 END: completed in: 12ms, org.apache.isis.core.runtime.services.menubars.MenuBarsLoaderServiceDefault: #introspectUpTo( TYPE_INTROSPECTED )
2020-06-23 19:10:38.787 START: workQueue.size: 1, waited for: 1368ms, org.apache.isis.core.runtime.services.menubars.bootstrap3.MenuBarsServiceBS3: #introspectUpTo( TYPE_INTROSPECTED )
2020-06-23 19:10:38.798 END: completed in: 11ms, org.apache.isis.core.runtime.services.menubars.bootstrap3.MenuBarsServiceBS3: #introspectUpTo( TYPE_INTROSPECTED )
2020-06-23 19:10:38.798 START: workQueue.size: 1, waited for: 1379ms, org.apache.isis.core.runtime.services.userprof.UserProfileServiceDefault: #introspectUpTo( TYPE_INTROSPECTED )
2020-06-23 19:10:38.812 END: completed in: 56ms, org.apache.isis.applib.services.dto.DtoMappingHelper: #introspectUpTo( TYPE_INTROSPECTED )
2020-06-23 19:10:38.812 START: workQueue.size: 1, waited for: 1393ms, org.apache.isis.viewer.restfulobjects.rendering.service.conneg.ContentNegotiationServiceXRoDomainType: #introspectUpTo( TYPE_INTROSPECTED )
2020-06-23 19:10:38.850 END: completed in: 38ms, org.apache.isis.viewer.restfulobjects.rendering.service.conneg.ContentNegotiationServiceXRoDomainType: #introspectUpTo( TYPE_INTROSPECTED )
2020-06-23 19:10:38.850 START: workQueue.size: 1, waited for: 1431ms, org.apache.isis.viewer.restfulobjects.rendering.service.conneg.ContentNegotiationServiceOrgApacheIsisV1: #introspectUpTo( TYPE_INTROSPECTED )
2020-06-23 19:10:38.865 END: completed in: 15ms, org.apache.isis.viewer.restfulobjects.rendering.service.conneg.ContentNegotiationServiceOrgApacheIsisV1: #introspectUpTo( TYPE_INTROSPECTED )
2020-06-23 19:10:38.865 START: workQueue.size: 1, waited for: 1446ms, org.apache.isis.core.runtime.services.message.MessageServiceDefault: #introspectUpTo( TYPE_INTROSPECTED )
2020-06-23 19:10:38.874 END: completed in: 9ms, org.apache.isis.core.runtime.services.message.MessageServiceDefault: #introspectUpTo( TYPE_INTROSPECTED )
2020-06-23 19:10:38.874 START: workQueue.size: 1, waited for: 1455ms, org.apache.isis.core.runtime.services.persistsession.PersistenceSessionServiceInternalDefault: #introspectUpTo( TYPE_INTROSPECTED )
2020-06-23 19:10:38.890 END: completed in: 92ms, org.apache.isis.core.runtime.services.userprof.UserProfileServiceDefault: #introspectUpTo( TYPE_INTROSPECTED )
2020-06-23 19:10:38.891 START: workQueue.size: 1, waited for: 1471ms, domainapp.modules.simple.dom.impl.socio.SocioMenu: #introspectUpTo( TYPE_INTROSPECTED )
2020-06-23 19:10:38.901 END: completed in: 11ms, domainapp.modules.simple.dom.impl.socio.SocioMenu: #introspectUpTo( TYPE_INTROSPECTED )
2020-06-23 19:10:38.901 START: workQueue.size: 1, waited for: 1482ms, org.apache.isis.applib.annotation.Bulk$InteractionContext: #introspectUpTo( TYPE_INTROSPECTED )
2020-06-23 19:10:38.917 END: completed in: 15ms, org.apache.isis.applib.annotation.Bulk$InteractionContext: #introspectUpTo( TYPE_INTROSPECTED )
2020-06-23 19:10:38.917 START: workQueue.size: 1, waited for: 1498ms, org.apache.isis.applib.conmap.ContentMappingServiceForCommandDto: #introspectUpTo( TYPE_INTROSPECTED )
2020-06-23 19:10:38.922 END: completed in: 5ms, org.apache.isis.applib.conmap.ContentMappingServiceForCommandDto: #introspectUpTo( TYPE_INTROSPECTED )
2020-06-23 19:10:38.922 START: workQueue.size: 1, waited for: 1503ms, org.apache.isis.applib.conmap.ContentMappingServiceForCommandsDto: #introspectUpTo( TYPE_INTROSPECTED )
2020-06-23 19:10:38.932 END: completed in: 10ms, org.apache.isis.applib.conmap.ContentMappingServiceForCommandsDto: #introspectUpTo( TYPE_INTROSPECTED )
2020-06-23 19:10:38.933 START: workQueue.size: 1, waited for: 1513ms, org.apache.isis.applib.fixturescripts.ExecutionParametersService: #introspectUpTo( TYPE_INTROSPECTED )
2020-06-23 19:10:38.949 END: completed in: 75ms, org.apache.isis.core.runtime.services.persistsession.PersistenceSessionServiceInternalDefault: #introspectUpTo( TYPE_INTROSPECTED )
2020-06-23 19:10:38.949 START: workQueue.size: 1, waited for: 1530ms, org.apache.isis.applib.services.actinvoc.ActionInvocationContext: #introspectUpTo( TYPE_INTROSPECTED )
2020-06-23 19:10:39.050 END: completed in: 118ms, org.apache.isis.applib.fixturescripts.ExecutionParametersService: #introspectUpTo( TYPE_INTROSPECTED )
2020-06-23 19:10:39.051 START: workQueue.size: 1, waited for: 1631ms, org.apache.isis.applib.services.audit.AuditerServiceLogging: #introspectUpTo( TYPE_INTROSPECTED )
2020-06-23 19:10:39.055 END: completed in: 105ms, org.apache.isis.applib.services.actinvoc.ActionInvocationContext: #introspectUpTo( TYPE_INTROSPECTED )
2020-06-23 19:10:39.055 START: workQueue.size: 1, waited for: 1636ms, org.apache.isis.applib.services.classdiscovery.ClassDiscoveryServiceUsingReflections: #introspectUpTo( TYPE_INTROSPECTED )
2020-06-23 19:10:39.059 END: completed in: 9ms, org.apache.isis.applib.services.audit.AuditerServiceLogging: #introspectUpTo( TYPE_INTROSPECTED )
2020-06-23 19:10:39.060 START: workQueue.size: 1, waited for: 1641ms, org.apache.isis.applib.services.clock.ClockService: #introspectUpTo( TYPE_INTROSPECTED )
2020-06-23 19:10:39.062 END: completed in: 7ms, org.apache.isis.applib.services.classdiscovery.ClassDiscoveryServiceUsingReflections: #introspectUpTo( TYPE_INTROSPECTED )
2020-06-23 19:10:39.064 START: workQueue.size: 1, waited for: 1645ms, org.apache.isis.applib.services.command.CommandContext: #introspectUpTo( TYPE_INTROSPECTED )
2020-06-23 19:10:39.067 END: completed in: 7ms, org.apache.isis.applib.services.clock.ClockService: #introspectUpTo( TYPE_INTROSPECTED )
2020-06-23 19:10:39.069 START: workQueue.size: 1, waited for: 1650ms, org.apache.isis.applib.services.iactn.InteractionContext: #introspectUpTo( TYPE_INTROSPECTED )
2020-06-23 19:10:39.071 END: completed in: 7ms, org.apache.isis.applib.services.command.CommandContext: #introspectUpTo( TYPE_INTROSPECTED )
2020-06-23 19:10:39.071 START: workQueue.size: 1, waited for: 1652ms, org.apache.isis.applib.services.publish.PublisherServiceLogging: #introspectUpTo( TYPE_INTROSPECTED )
2020-06-23 19:10:39.078 END: completed in: 9ms, org.apache.isis.applib.services.iactn.InteractionContext: #introspectUpTo( TYPE_INTROSPECTED )
2020-06-23 19:10:39.078 START: workQueue.size: 1, waited for: 1659ms, org.apache.isis.applib.services.queryresultscache.QueryResultsCache: #introspectUpTo( TYPE_INTROSPECTED )
2020-06-23 19:10:39.079 END: completed in: 7ms, org.apache.isis.applib.services.publish.PublisherServiceLogging: #introspectUpTo( TYPE_INTROSPECTED )
2020-06-23 19:10:39.079 START: workQueue.size: 1, waited for: 1660ms, org.apache.isis.applib.services.routing.RoutingServiceDefault: #introspectUpTo( TYPE_INTROSPECTED )
2020-06-23 19:10:39.085 END: completed in: 6ms, org.apache.isis.applib.services.queryresultscache.QueryResultsCache: #introspectUpTo( TYPE_INTROSPECTED )
2020-06-23 19:10:39.085 START: workQueue.size: 1, waited for: 1666ms, org.apache.isis.applib.services.scratchpad.Scratchpad: #introspectUpTo( TYPE_INTROSPECTED )
2020-06-23 19:10:39.127 END: completed in: 48ms, org.apache.isis.applib.services.routing.RoutingServiceDefault: #introspectUpTo( TYPE_INTROSPECTED )
2020-06-23 19:10:39.127 START: workQueue.size: 1, waited for: 1708ms, org.apache.isis.applib.services.tablecol.TableColumnOrderService$Default: #introspectUpTo( TYPE_INTROSPECTED )
2020-06-23 19:10:39.135 END: completed in: 8ms, org.apache.isis.applib.services.tablecol.TableColumnOrderService$Default: #introspectUpTo( TYPE_INTROSPECTED )
2020-06-23 19:10:39.135 START: workQueue.size: 1, waited for: 1716ms, org.apache.isis.applib.services.urlencoding.UrlEncodingServiceUsingBaseEncoding: #introspectUpTo( TYPE_INTROSPECTED )
2020-06-23 19:10:39.145 END: completed in: 10ms, org.apache.isis.applib.services.urlencoding.UrlEncodingServiceUsingBaseEncoding: #introspectUpTo( TYPE_INTROSPECTED )
2020-06-23 19:10:39.147 START: workQueue.size: 1, waited for: 1727ms, org.apache.isis.core.metamodel.services.appfeat.ApplicationFeatureFactory: #introspectUpTo( TYPE_INTROSPECTED )
2020-06-23 19:10:39.152 END: completed in: 6ms, org.apache.isis.core.metamodel.services.appfeat.ApplicationFeatureFactory: #introspectUpTo( TYPE_INTROSPECTED )
2020-06-23 19:10:39.153 START: workQueue.size: 1, waited for: 1734ms, org.apache.isis.core.metamodel.services.appfeat.ApplicationFeatureRepositoryDefault: #introspectUpTo( TYPE_INTROSPECTED )
2020-06-23 19:10:39.173 END: completed in: 19ms, org.apache.isis.core.metamodel.services.appfeat.ApplicationFeatureRepositoryDefault: #introspectUpTo( TYPE_INTROSPECTED )
2020-06-23 19:10:39.173 START: workQueue.size: 1, waited for: 1754ms, org.apache.isis.core.metamodel.services.bookmarks.BookmarkServiceInternalDefault: #introspectUpTo( TYPE_INTROSPECTED )
2020-06-23 19:10:39.177 END: completed in: 92ms, org.apache.isis.applib.services.scratchpad.Scratchpad: #introspectUpTo( TYPE_INTROSPECTED )
2020-06-23 19:10:39.178 START: workQueue.size: 1, waited for: 1759ms, org.apache.isis.core.metamodel.services.config.ConfigurationServiceDefault: #introspectUpTo( TYPE_INTROSPECTED )
2020-06-23 19:10:39.184 END: completed in: 6ms, org.apache.isis.core.metamodel.services.config.ConfigurationServiceDefault: #introspectUpTo( TYPE_INTROSPECTED )
2020-06-23 19:10:39.185 START: workQueue.size: 1, waited for: 1766ms, org.apache.isis.core.metamodel.services.container.DomainObjectContainerDefault: #introspectUpTo( TYPE_INTROSPECTED )
2020-06-23 19:10:39.221 END: completed in: 36ms, org.apache.isis.core.metamodel.services.container.DomainObjectContainerDefault: #introspectUpTo( TYPE_INTROSPECTED )
2020-06-23 19:10:39.222 START: workQueue.size: 1, waited for: 1803ms, org.apache.isis.core.metamodel.services.factory.FactoryServiceInternalDefault: #introspectUpTo( TYPE_INTROSPECTED )
2020-06-23 19:10:39.228 END: completed in: 55ms, org.apache.isis.core.metamodel.services.bookmarks.BookmarkServiceInternalDefault: #introspectUpTo( TYPE_INTROSPECTED )
2020-06-23 19:10:39.228 START: workQueue.size: 1, waited for: 1809ms, org.apache.isis.core.metamodel.services.grid.GridLoaderServiceDefault: #introspectUpTo( TYPE_INTROSPECTED )
2020-06-23 19:10:39.313 END: completed in: 90ms, org.apache.isis.core.metamodel.services.factory.FactoryServiceInternalDefault: #introspectUpTo( TYPE_INTROSPECTED )
2020-06-23 19:10:39.313 START: workQueue.size: 1, waited for: 1894ms, org.apache.isis.core.metamodel.services.grid.GridServiceDefault: #introspectUpTo( TYPE_INTROSPECTED )
2020-06-23 19:10:39.320 END: completed in: 7ms, org.apache.isis.core.metamodel.services.grid.GridServiceDefault: #introspectUpTo( TYPE_INTROSPECTED )
2020-06-23 19:10:39.321 START: workQueue.size: 1, waited for: 1901ms, org.apache.isis.core.metamodel.services.grid.bootstrap3.GridSystemServiceBS3: #introspectUpTo( TYPE_INTROSPECTED )
2020-06-23 19:10:39.354 END: completed in: 126ms, org.apache.isis.core.metamodel.services.grid.GridLoaderServiceDefault: #introspectUpTo( TYPE_INTROSPECTED )
2020-06-23 19:10:39.355 START: workQueue.size: 1, waited for: 1935ms, org.apache.isis.core.metamodel.services.layout.LayoutServiceDefault: #introspectUpTo( TYPE_INTROSPECTED )
2020-06-23 19:10:39.369 END: completed in: 15ms, org.apache.isis.core.metamodel.services.layout.LayoutServiceDefault: #introspectUpTo( TYPE_INTROSPECTED )
2020-06-23 19:10:39.370 START: workQueue.size: 1, waited for: 1951ms, org.apache.isis.core.metamodel.services.message.MessageServiceNoop: #introspectUpTo( TYPE_INTROSPECTED )
2020-06-23 19:10:39.378 END: completed in: 8ms, org.apache.isis.core.metamodel.services.message.MessageServiceNoop: #introspectUpTo( TYPE_INTROSPECTED )
2020-06-23 19:10:39.379 START: workQueue.size: 1, waited for: 1960ms, org.apache.isis.core.metamodel.services.metamodel.MetaModelServiceDefault: #introspectUpTo( TYPE_INTROSPECTED )
2020-06-23 19:10:39.393 END: completed in: 12ms, org.apache.isis.core.metamodel.services.metamodel.MetaModelServiceDefault: #introspectUpTo( TYPE_INTROSPECTED )
2020-06-23 19:10:39.393 START: workQueue.size: 1, waited for: 1974ms, org.apache.isis.core.metamodel.services.persistsession.PersistenceSessionServiceInternalNoop: #introspectUpTo( TYPE_INTROSPECTED )
2020-06-23 19:10:39.404 END: completed in: 84ms, org.apache.isis.core.metamodel.services.grid.bootstrap3.GridSystemServiceBS3: #introspectUpTo( TYPE_INTROSPECTED )
2020-06-23 19:10:39.405 START: workQueue.size: 1, waited for: 1986ms, org.apache.isis.core.metamodel.services.registry.ServiceRegistryDefault: #introspectUpTo( TYPE_INTROSPECTED )
2020-06-23 19:10:39.412 END: completed in: 7ms, org.apache.isis.core.metamodel.services.registry.ServiceRegistryDefault: #introspectUpTo( TYPE_INTROSPECTED )
2020-06-23 19:10:39.413 START: workQueue.size: 1, waited for: 1994ms, org.apache.isis.core.metamodel.services.repository.RepositoryServiceInternalDefault: #introspectUpTo( TYPE_INTROSPECTED )
2020-06-23 19:10:39.470 END: completed in: 37ms, org.apache.isis.core.metamodel.services.persistsession.PersistenceSessionServiceInternalNoop: #introspectUpTo( TYPE_INTROSPECTED )
2020-06-23 19:10:39.470 START: workQueue.size: 1, waited for: 2051ms, org.apache.isis.core.metamodel.services.swagger.SwaggerServiceDefault: #introspectUpTo( TYPE_INTROSPECTED )
2020-06-23 19:10:39.481 END: completed in: 11ms, org.apache.isis.core.metamodel.services.swagger.SwaggerServiceDefault: #introspectUpTo( TYPE_INTROSPECTED )
2020-06-23 19:10:39.482 START: workQueue.size: 1, waited for: 2063ms, org.apache.isis.core.metamodel.services.title.TitleServiceDefault: #introspectUpTo( TYPE_INTROSPECTED )
2020-06-23 19:10:39.495 END: completed in: 82ms, org.apache.isis.core.metamodel.services.repository.RepositoryServiceInternalDefault: #introspectUpTo( TYPE_INTROSPECTED )
2020-06-23 19:10:39.496 END: completed in: 14ms, org.apache.isis.core.metamodel.services.title.TitleServiceDefault: #introspectUpTo( TYPE_INTROSPECTED )
2020-06-23 19:10:39.497 START: workQueue.size: 1, waited for: 2078ms, org.apache.isis.core.metamodel.services.user.UserServiceDefault: #introspectUpTo( TYPE_INTROSPECTED )
2020-06-23 19:10:39.497 START: workQueue.size: 1, waited for: 2078ms, org.apache.isis.core.metamodel.services.user.UserServiceDefault$SudoServiceSpi: #introspectUpTo( TYPE_INTROSPECTED )
2020-06-23 19:10:39.502 END: completed in: 5ms, org.apache.isis.core.metamodel.services.user.UserServiceDefault$SudoServiceSpi: #introspectUpTo( TYPE_INTROSPECTED )
2020-06-23 19:10:39.502 START: workQueue.size: 1, waited for: 2083ms, org.apache.isis.core.metamodel.services.xactn.TransactionServiceDefault: #introspectUpTo( TYPE_INTROSPECTED )
2020-06-23 19:10:39.510 END: completed in: 13ms, org.apache.isis.core.metamodel.services.user.UserServiceDefault: #introspectUpTo( TYPE_INTROSPECTED )
2020-06-23 19:10:39.510 START: workQueue.size: 1, waited for: 2091ms, org.apache.isis.core.runtime.services.auditing.AuditingServiceInternal: #introspectUpTo( TYPE_INTROSPECTED )
2020-06-23 19:10:39.510 END: completed in: 8ms, org.apache.isis.core.metamodel.services.xactn.TransactionServiceDefault: #introspectUpTo( TYPE_INTROSPECTED )
2020-06-23 19:10:39.511 START: workQueue.size: 1, waited for: 2092ms, org.apache.isis.core.runtime.services.authsess.AuthenticationSessionProviderDefault: #introspectUpTo( TYPE_INTROSPECTED )
2020-06-23 19:10:39.520 END: completed in: 10ms, org.apache.isis.core.runtime.services.auditing.AuditingServiceInternal: #introspectUpTo( TYPE_INTROSPECTED )
2020-06-23 19:10:39.521 START: workQueue.size: 1, waited for: 2102ms, org.apache.isis.core.runtime.services.background.BackgroundServiceDefault: #introspectUpTo( TYPE_INTROSPECTED )
2020-06-23 19:10:39.530 END: completed in: 9ms, org.apache.isis.core.runtime.services.background.BackgroundServiceDefault: #introspectUpTo( TYPE_INTROSPECTED )
2020-06-23 19:10:39.530 START: workQueue.size: 1, waited for: 2111ms, org.apache.isis.core.runtime.services.changes.ChangedObjectsServiceInternal: #introspectUpTo( TYPE_INTROSPECTED )
2020-06-23 19:10:39.538 END: completed in: 7ms, org.apache.isis.core.runtime.services.changes.ChangedObjectsServiceInternal: #introspectUpTo( TYPE_INTROSPECTED )
2020-06-23 19:10:39.538 START: workQueue.size: 1, waited for: 2119ms, org.apache.isis.core.runtime.services.command.CommandDtoServiceInternalDefault: #introspectUpTo( TYPE_INTROSPECTED )
2020-06-23 19:10:39.553 END: completed in: 42ms, org.apache.isis.core.runtime.services.authsess.AuthenticationSessionProviderDefault: #introspectUpTo( TYPE_INTROSPECTED )
2020-06-23 19:10:39.554 START: workQueue.size: 1, waited for: 2134ms, org.apache.isis.core.runtime.services.command.CommandServiceDefault: #introspectUpTo( TYPE_INTROSPECTED )
2020-06-23 19:10:39.561 END: completed in: 8ms, org.apache.isis.core.runtime.services.command.CommandServiceDefault: #introspectUpTo( TYPE_INTROSPECTED )
2020-06-23 19:10:39.561 START: workQueue.size: 1, waited for: 2142ms, org.apache.isis.core.runtime.services.email.EmailServiceDefault: #introspectUpTo( TYPE_INTROSPECTED )
2020-06-23 19:10:39.569 END: completed in: 7ms, org.apache.isis.core.runtime.services.email.EmailServiceDefault: #introspectUpTo( TYPE_INTROSPECTED )
2020-06-23 19:10:39.569 START: workQueue.size: 1, waited for: 2150ms, org.apache.isis.core.runtime.services.homepage.HomePageProviderServiceDefault: #introspectUpTo( TYPE_INTROSPECTED )
2020-06-23 19:10:39.574 END: completed in: 5ms, org.apache.isis.core.runtime.services.homepage.HomePageProviderServiceDefault: #introspectUpTo( TYPE_INTROSPECTED )
2020-06-23 19:10:39.577 START: workQueue.size: 1, waited for: 2158ms, org.apache.isis.core.runtime.services.i18n.po.TranslationServicePo: #introspectUpTo( TYPE_INTROSPECTED )
2020-06-23 19:10:39.588 END: completed in: 11ms, org.apache.isis.core.runtime.services.i18n.po.TranslationServicePo: #introspectUpTo( TYPE_INTROSPECTED )
2020-06-23 19:10:39.589 START: workQueue.size: 1, waited for: 2170ms, org.apache.isis.core.runtime.services.ixn.InteractionDtoServiceInternalDefault: #introspectUpTo( TYPE_INTROSPECTED )
2020-06-23 19:10:39.589 END: completed in: 51ms, org.apache.isis.core.runtime.services.command.CommandDtoServiceInternalDefault: #introspectUpTo( TYPE_INTROSPECTED )
2020-06-23 19:10:39.590 START: workQueue.size: 1, waited for: 2170ms, org.apache.isis.core.runtime.services.memento.MementoServiceDefault: #introspectUpTo( TYPE_INTROSPECTED )
2020-06-23 19:10:39.596 END: completed in: 7ms, org.apache.isis.core.runtime.services.memento.MementoServiceDefault: #introspectUpTo( TYPE_INTROSPECTED )
2020-06-23 19:10:39.597 START: workQueue.size: 1, waited for: 2178ms, org.apache.isis.core.runtime.services.metrics.MetricsServiceDefault: #introspectUpTo( TYPE_INTROSPECTED )
2020-06-23 19:10:39.597 END: completed in: 8ms, org.apache.isis.core.runtime.services.ixn.InteractionDtoServiceInternalDefault: #introspectUpTo( TYPE_INTROSPECTED )
2020-06-23 19:10:39.597 START: workQueue.size: 1, waited for: 2178ms, org.apache.isis.core.runtime.services.publish.PublishingServiceInternalDefault: #introspectUpTo( TYPE_INTROSPECTED )
2020-06-23 19:10:39.602 END: completed in: 5ms, org.apache.isis.core.runtime.services.metrics.MetricsServiceDefault: #introspectUpTo( TYPE_INTROSPECTED )
2020-06-23 19:10:39.602 START: workQueue.size: 1, waited for: 2183ms, org.apache.isis.core.runtime.services.sessmgmt.SessionManagementServiceDefault: #introspectUpTo( TYPE_INTROSPECTED )
2020-06-23 19:10:39.608 END: completed in: 6ms, org.apache.isis.core.runtime.services.sessmgmt.SessionManagementServiceDefault: #introspectUpTo( TYPE_INTROSPECTED )
2020-06-23 19:10:39.610 START: workQueue.size: 1, waited for: 2189ms, org.apache.isis.core.runtime.services.sudo.SudoServiceDefault: #introspectUpTo( TYPE_INTROSPECTED )
2020-06-23 19:10:39.615 END: completed in: 7ms, org.apache.isis.core.runtime.services.sudo.SudoServiceDefault: #introspectUpTo( TYPE_INTROSPECTED )
2020-06-23 19:10:39.615 START: workQueue.size: 1, waited for: 2196ms, org.apache.isis.core.runtime.services.userreg.EmailNotificationServiceDefault: #introspectUpTo( TYPE_INTROSPECTED )
2020-06-23 19:10:39.622 END: completed in: 7ms, org.apache.isis.core.runtime.services.userreg.EmailNotificationServiceDefault: #introspectUpTo( TYPE_INTROSPECTED )
2020-06-23 19:10:39.622 START: workQueue.size: 1, waited for: 2203ms, org.apache.isis.core.runtime.services.xmlsnapshot.XmlSnapshotServiceDefault: #introspectUpTo( TYPE_INTROSPECTED )
2020-06-23 19:10:39.633 END: completed in: 36ms, org.apache.isis.core.runtime.services.publish.PublishingServiceInternalDefault: #introspectUpTo( TYPE_INTROSPECTED )
2020-06-23 19:10:39.634 START: workQueue.size: 1, waited for: 2215ms, org.apache.isis.core.wrapper.WrapperFactoryDefault: #introspectUpTo( TYPE_INTROSPECTED )
2020-06-23 19:10:39.657 END: completed in: 23ms, org.apache.isis.core.wrapper.WrapperFactoryDefault: #introspectUpTo( TYPE_INTROSPECTED )
2020-06-23 19:10:39.657 START: workQueue.size: 1, waited for: 2238ms, org.apache.isis.objectstore.jdo.applib.service.exceprecog.ExceptionRecognizerCompositeForJdoObjectStore: #introspectUpTo( TYPE_INTROSPECTED )
2020-06-23 19:10:39.661 END: completed in: 39ms, org.apache.isis.core.runtime.services.xmlsnapshot.XmlSnapshotServiceDefault: #introspectUpTo( TYPE_INTROSPECTED )
2020-06-23 19:10:39.662 START: workQueue.size: 1, waited for: 2242ms, org.apache.isis.objectstore.jdo.datanucleus.service.support.IsisJdoSupportImpl: #introspectUpTo( TYPE_INTROSPECTED )
2020-06-23 19:10:39.669 END: completed in: 12ms, org.apache.isis.objectstore.jdo.applib.service.exceprecog.ExceptionRecognizerCompositeForJdoObjectStore: #introspectUpTo( TYPE_INTROSPECTED )
2020-06-23 19:10:39.670 START: workQueue.size: 1, waited for: 2250ms, org.apache.isis.objectstore.jdo.datanucleus.service.support.TimestampService: #introspectUpTo( TYPE_INTROSPECTED )
2020-06-23 19:10:39.672 END: completed in: 10ms, org.apache.isis.objectstore.jdo.datanucleus.service.support.IsisJdoSupportImpl: #introspectUpTo( TYPE_INTROSPECTED )
2020-06-23 19:10:39.672 START: workQueue.size: 1, waited for: 2253ms, org.apache.isis.schema.services.jaxb.JaxbServiceDefault: #introspectUpTo( TYPE_INTROSPECTED )
2020-06-23 19:10:39.675 END: completed in: 6ms, org.apache.isis.objectstore.jdo.datanucleus.service.support.TimestampService: #introspectUpTo( TYPE_INTROSPECTED )
2020-06-23 19:10:39.678 START: workQueue.size: 1, waited for: 2259ms, org.apache.isis.viewer.restfulobjects.rendering.service.RepresentationServiceContentNegotiator: #introspectUpTo( TYPE_INTROSPECTED )
2020-06-23 19:10:39.682 END: completed in: 10ms, org.apache.isis.schema.services.jaxb.JaxbServiceDefault: #introspectUpTo( TYPE_INTROSPECTED )
2020-06-23 19:10:39.682 START: workQueue.size: 1, waited for: 2263ms, org.apache.isis.viewer.restfulobjects.rendering.service.RepresentationServiceForRestfulObjects: #introspectUpTo( TYPE_INTROSPECTED )
2020-06-23 19:10:39.691 END: completed in: 13ms, org.apache.isis.viewer.restfulobjects.rendering.service.RepresentationServiceContentNegotiator: #introspectUpTo( TYPE_INTROSPECTED )
2020-06-23 19:10:39.691 START: workQueue.size: 1, waited for: 2272ms, org.apache.isis.viewer.restfulobjects.rendering.service.acceptheader.AcceptHeaderServiceForRest: #introspectUpTo( TYPE_INTROSPECTED )
2020-06-23 19:10:39.699 END: completed in: 17ms, org.apache.isis.viewer.restfulobjects.rendering.service.RepresentationServiceForRestfulObjects: #introspectUpTo( TYPE_INTROSPECTED )
2020-06-23 19:10:39.699 START: workQueue.size: 1, waited for: 2280ms, org.apache.isis.viewer.restfulobjects.rendering.service.conneg.ContentNegotiationServiceForRestfulObjectsV1_0: #introspectUpTo( TYPE_INTROSPECTED )
2020-06-23 19:10:39.712 END: completed in: 13ms, org.apache.isis.viewer.restfulobjects.rendering.service.conneg.ContentNegotiationServiceForRestfulObjectsV1_0: #introspectUpTo( TYPE_INTROSPECTED )
2020-06-23 19:10:39.723 END: completed in: 32ms, org.apache.isis.viewer.restfulobjects.rendering.service.acceptheader.AcceptHeaderServiceForRest: #introspectUpTo( TYPE_INTROSPECTED )
2020-06-23 19:10:39.724 START: workQueue.size: 1, waited for: 2304ms, org.apache.isis.viewer.wicket.viewer.services.DeepLinkServiceWicket: #introspectUpTo( TYPE_INTROSPECTED )
2020-06-23 19:10:39.735 END: completed in: 11ms, org.apache.isis.viewer.wicket.viewer.services.DeepLinkServiceWicket: #introspectUpTo( TYPE_INTROSPECTED )
2020-06-23 19:10:39.735 START: workQueue.size: 1, waited for: 2316ms, org.apache.isis.viewer.wicket.viewer.services.GuiceBeanProviderWicket: #introspectUpTo( TYPE_INTROSPECTED )
2020-06-23 19:10:39.745 END: completed in: 10ms, org.apache.isis.viewer.wicket.viewer.services.GuiceBeanProviderWicket: #introspectUpTo( TYPE_INTROSPECTED )
2020-06-23 19:10:39.746 START: workQueue.size: 1, waited for: 2327ms, org.apache.isis.viewer.wicket.viewer.services.HintStoreUsingWicketSession: #introspectUpTo( TYPE_INTROSPECTED )
2020-06-23 19:10:39.767 END: completed in: 21ms, org.apache.isis.viewer.wicket.viewer.services.HintStoreUsingWicketSession: #introspectUpTo( TYPE_INTROSPECTED )
2020-06-23 19:10:39.767 START: workQueue.size: 1, waited for: 2348ms, org.apache.isis.viewer.wicket.viewer.services.LocaleProviderWicket: #introspectUpTo( TYPE_INTROSPECTED )
2020-06-23 19:10:39.780 START: workQueue.size: 1, waited for: 2293ms, org.apache.isis.viewer.wicket.viewer.services.BookmarkUiServiceWicket: #introspectUpTo( TYPE_INTROSPECTED )
2020-06-23 19:10:39.780 END: completed in: 13ms, org.apache.isis.viewer.wicket.viewer.services.LocaleProviderWicket: #introspectUpTo( TYPE_INTROSPECTED )
2020-06-23 19:10:39.780 START: workQueue.size: 1, waited for: 2361ms, org.apache.isis.viewer.wicket.viewer.services.TranslationsResolverWicket: #introspectUpTo( TYPE_INTROSPECTED )
2020-06-23 19:10:39.799 END: completed in: 87ms, org.apache.isis.viewer.wicket.viewer.services.BookmarkUiServiceWicket: #introspectUpTo( TYPE_INTROSPECTED )
2020-06-23 19:10:39.800 START: workQueue.size: 1, waited for: 2381ms, org.apache.isis.core.metamodel.services.jdosupport.Persistable_datanucleusIdLong: #introspectUpTo( TYPE_INTROSPECTED )
2020-06-23 19:10:39.833 END: completed in: 33ms, org.apache.isis.core.metamodel.services.jdosupport.Persistable_datanucleusIdLong: #introspectUpTo( TYPE_INTROSPECTED )
2020-06-23 19:10:39.833 START: workQueue.size: 1, waited for: 2414ms, org.apache.isis.applib.services.layout.Object_openRestApi: #introspectUpTo( TYPE_INTROSPECTED )
2020-06-23 19:10:39.846 END: completed in: 13ms, org.apache.isis.applib.services.layout.Object_openRestApi: #introspectUpTo( TYPE_INTROSPECTED )
2020-06-23 19:10:39.851 START: workQueue.size: 1, waited for: 2432ms, org.apache.isis.core.metamodel.services.jdosupport.Persistable_datanucleusVersionTimestamp: #introspectUpTo( TYPE_INTROSPECTED )
2020-06-23 19:10:39.881 END: completed in: 30ms, org.apache.isis.core.metamodel.services.jdosupport.Persistable_datanucleusVersionTimestamp: #introspectUpTo( TYPE_INTROSPECTED )
2020-06-23 19:10:39.881 END: completed in: 101ms, org.apache.isis.viewer.wicket.viewer.services.TranslationsResolverWicket: #introspectUpTo( TYPE_INTROSPECTED )
2020-06-23 19:10:39.881 START: workQueue.size: 1, waited for: 2462ms, org.apache.isis.core.metamodel.services.jdosupport.Persistable_datanucleusVersionLong: #introspectUpTo( TYPE_INTROSPECTED )
2020-06-23 19:10:39.891 START: workQueue.size: 1, waited for: 2472ms, org.apache.isis.applib.services.dto.Dto_downloadXsd: #introspectUpTo( TYPE_INTROSPECTED )
2020-06-23 19:10:39.894 END: completed in: 13ms, org.apache.isis.core.metamodel.services.jdosupport.Persistable_datanucleusVersionLong: #introspectUpTo( TYPE_INTROSPECTED )
2020-06-23 19:10:39.894 START: workQueue.size: 1, waited for: 2475ms, org.apache.isis.applib.services.bookmark.BookmarkHolder_lookup: #introspectUpTo( TYPE_INTROSPECTED )
2020-06-23 19:10:39.977 END: completed in: 83ms, org.apache.isis.applib.services.bookmark.BookmarkHolder_lookup: #introspectUpTo( TYPE_INTROSPECTED )
2020-06-23 19:10:39.977 START: workQueue.size: 1, waited for: 2558ms, org.apache.isis.core.metamodel.services.jdosupport.Persistable_downloadJdoMetadata: #introspectUpTo( TYPE_INTROSPECTED )
2020-06-23 19:10:39.981 END: completed in: 90ms, org.apache.isis.applib.services.dto.Dto_downloadXsd: #introspectUpTo( TYPE_INTROSPECTED )
2020-06-23 19:10:39.981 START: workQueue.size: 1, waited for: 2562ms, org.apache.isis.viewer.wicket.viewer.services.Object_clearHints: #introspectUpTo( TYPE_INTROSPECTED )
2020-06-23 19:10:39.987 END: completed in: 10ms, org.apache.isis.core.metamodel.services.jdosupport.Persistable_downloadJdoMetadata: #introspectUpTo( TYPE_INTROSPECTED )
2020-06-23 19:10:39.991 START: workQueue.size: 1, waited for: 2572ms, org.apache.isis.applib.services.dto.Dto_downloadXml: #introspectUpTo( TYPE_INTROSPECTED )
2020-06-23 19:10:39.995 END: completed in: 14ms, org.apache.isis.viewer.wicket.viewer.services.Object_clearHints: #introspectUpTo( TYPE_INTROSPECTED )
2020-06-23 19:10:39.995 START: workQueue.size: 1, waited for: 2576ms, org.apache.isis.applib.services.layout.Object_rebuildMetamodel: #introspectUpTo( TYPE_INTROSPECTED )
2020-06-23 19:10:40.001 END: completed in: 10ms, org.apache.isis.applib.services.dto.Dto_downloadXml: #introspectUpTo( TYPE_INTROSPECTED )
2020-06-23 19:10:40.001 START: workQueue.size: 1, waited for: 2582ms, org.apache.isis.applib.services.bookmark.BookmarkHolder_object: #introspectUpTo( TYPE_INTROSPECTED )
2020-06-23 19:10:40.001 END: completed in: 6ms, org.apache.isis.applib.services.layout.Object_rebuildMetamodel: #introspectUpTo( TYPE_INTROSPECTED )
2020-06-23 19:10:40.001 START: workQueue.size: 1, waited for: 2582ms, org.apache.isis.applib.services.layout.Object_downloadLayoutXml: #introspectUpTo( TYPE_INTROSPECTED )
2020-06-23 19:10:40.011 END: completed in: 10ms, org.apache.isis.applib.services.layout.Object_downloadLayoutXml: #introspectUpTo( TYPE_INTROSPECTED )
2020-06-23 19:10:40.011 START: workQueue.size: 1, waited for: 2592ms, java.lang.String: #introspectUpTo( TYPE_INTROSPECTED )
2020-06-23 19:10:40.016 END: completed in: 15ms, org.apache.isis.applib.services.bookmark.BookmarkHolder_object: #introspectUpTo( TYPE_INTROSPECTED )
2020-06-23 19:10:40.018 START: workQueue.size: 1, waited for: 2599ms, byte: #introspectUpTo( TYPE_INTROSPECTED )
2020-06-23 19:10:40.091 END: completed in: 80ms, java.lang.String: #introspectUpTo( TYPE_INTROSPECTED )
2020-06-23 19:10:40.091 START: workQueue.size: 1, waited for: 2672ms, java.lang.Byte: #introspectUpTo( TYPE_INTROSPECTED )
2020-06-23 19:10:40.119 END: completed in: 101ms, byte: #introspectUpTo( TYPE_INTROSPECTED )
2020-06-23 19:10:40.119 START: workQueue.size: 1, waited for: 2700ms, short: #introspectUpTo( TYPE_INTROSPECTED )
2020-06-23 19:10:40.119 END: completed in: 0ms, short: #introspectUpTo( TYPE_INTROSPECTED )
2020-06-23 19:10:40.119 START: workQueue.size: 1, waited for: 2700ms, java.lang.Short: #introspectUpTo( TYPE_INTROSPECTED )
2020-06-23 19:10:40.146 END: completed in: 27ms, java.lang.Short: #introspectUpTo( TYPE_INTROSPECTED )
2020-06-23 19:10:40.146 START: workQueue.size: 1, waited for: 2727ms, int: #introspectUpTo( TYPE_INTROSPECTED )
2020-06-23 19:10:40.150 END: completed in: 59ms, java.lang.Byte: #introspectUpTo( TYPE_INTROSPECTED )
2020-06-23 19:10:40.150 START: workQueue.size: 1, waited for: 2731ms, java.lang.Integer: #introspectUpTo( TYPE_INTROSPECTED )
2020-06-23 19:10:40.170 END: completed in: 20ms, java.lang.Integer: #introspectUpTo( TYPE_INTROSPECTED )
2020-06-23 19:10:40.170 START: workQueue.size: 1, waited for: 2751ms, long: #introspectUpTo( TYPE_INTROSPECTED )
2020-06-23 19:10:40.180 END: completed in: 10ms, long: #introspectUpTo( TYPE_INTROSPECTED )
2020-06-23 19:10:40.180 START: workQueue.size: 1, waited for: 2761ms, java.lang.Long: #introspectUpTo( TYPE_INTROSPECTED )
2020-06-23 19:10:40.231 END: completed in: 51ms, java.lang.Long: #introspectUpTo( TYPE_INTROSPECTED )
2020-06-23 19:10:40.236 START: workQueue.size: 1, waited for: 2817ms, char: #introspectUpTo( TYPE_INTROSPECTED )
2020-06-23 19:10:40.246 END: completed in: 10ms, char: #introspectUpTo( TYPE_INTROSPECTED )
2020-06-23 19:10:40.249 START: workQueue.size: 1, waited for: 2830ms, java.lang.Character: #introspectUpTo( TYPE_INTROSPECTED )
2020-06-23 19:10:40.249 END: completed in: 103ms, int: #introspectUpTo( TYPE_INTROSPECTED )
2020-06-23 19:10:40.251 START: workQueue.size: 1, waited for: 2832ms, boolean: #introspectUpTo( TYPE_INTROSPECTED )
2020-06-23 19:10:40.251 END: completed in: 0ms, boolean: #introspectUpTo( TYPE_INTROSPECTED )
2020-06-23 19:10:40.251 START: workQueue.size: 1, waited for: 2832ms, java.lang.Boolean: #introspectUpTo( TYPE_INTROSPECTED )
2020-06-23 19:10:40.276 END: completed in: 25ms, java.lang.Boolean: #introspectUpTo( TYPE_INTROSPECTED )
2020-06-23 19:10:40.279 START: workQueue.size: 1, waited for: 2857ms, float: #introspectUpTo( TYPE_INTROSPECTED )
2020-06-23 19:10:40.279 END: completed in: 3ms, float: #introspectUpTo( TYPE_INTROSPECTED )
2020-06-23 19:10:40.281 START: workQueue.size: 1, waited for: 2860ms, java.lang.Float: #introspectUpTo( TYPE_INTROSPECTED )
2020-06-23 19:10:40.291 END: completed in: 12ms, java.lang.Float: #introspectUpTo( TYPE_INTROSPECTED )
2020-06-23 19:10:40.296 START: workQueue.size: 1, waited for: 2877ms, double: #introspectUpTo( TYPE_INTROSPECTED )
2020-06-23 19:10:40.296 END: completed in: 0ms, double: #introspectUpTo( TYPE_INTROSPECTED )
2020-06-23 19:10:40.296 START: workQueue.size: 1, waited for: 2877ms, java.lang.Double: #introspectUpTo( TYPE_INTROSPECTED )
2020-06-23 19:10:40.306 END: completed in: 10ms, java.lang.Double: #introspectUpTo( TYPE_INTROSPECTED )
2020-06-23 19:10:40.310 START: workQueue.size: 1, waited for: 2887ms, java.math.BigInteger: #introspectUpTo( TYPE_INTROSPECTED )
2020-06-23 19:10:40.336 END: completed in: 87ms, java.lang.Character: #introspectUpTo( TYPE_INTROSPECTED )
2020-06-23 19:10:40.340 START: workQueue.size: 1, waited for: 2921ms, java.math.BigDecimal: #introspectUpTo( TYPE_INTROSPECTED )
2020-06-23 19:10:40.372 END: completed in: 66ms, java.math.BigInteger: #introspectUpTo( TYPE_INTROSPECTED )
2020-06-23 19:10:40.372 START: workQueue.size: 1, waited for: 2953ms, org.joda.time.DateTime: #introspectUpTo( TYPE_INTROSPECTED )
2020-06-23 19:10:40.396 END: completed in: 56ms, java.math.BigDecimal: #introspectUpTo( TYPE_INTROSPECTED )
2020-06-23 19:10:40.396 START: workQueue.size: 1, waited for: 2977ms, org.joda.time.LocalDateTime: #introspectUpTo( TYPE_INTROSPECTED )
2020-06-23 19:10:40.604 END: completed in: 232ms, org.joda.time.DateTime: #introspectUpTo( TYPE_INTROSPECTED )
2020-06-23 19:10:40.604 START: workQueue.size: 1, waited for: 3185ms, org.joda.time.LocalDate: #introspectUpTo( TYPE_INTROSPECTED )
2020-06-23 19:10:40.604 END: completed in: 208ms, org.joda.time.LocalDateTime: #introspectUpTo( TYPE_INTROSPECTED )
2020-06-23 19:10:40.604 START: workQueue.size: 1, waited for: 3185ms, org.joda.time.LocalTime: #introspectUpTo( TYPE_INTROSPECTED )
2020-06-23 19:10:40.681 END: completed in: 77ms, org.joda.time.LocalDate: #introspectUpTo( TYPE_INTROSPECTED )
2020-06-23 19:10:40.681 START: workQueue.size: 1, waited for: 3262ms, java.sql.Timestamp: #introspectUpTo( TYPE_INTROSPECTED )
2020-06-23 19:10:40.701 END: completed in: 20ms, java.sql.Timestamp: #introspectUpTo( TYPE_INTROSPECTED )
2020-06-23 19:10:40.701 START: workQueue.size: 1, waited for: 3282ms, org.apache.isis.applib.value.Blob: #introspectUpTo( TYPE_INTROSPECTED )
2020-06-23 19:10:40.706 END: completed in: 5ms, org.apache.isis.applib.value.Blob: #introspectUpTo( TYPE_INTROSPECTED )
2020-06-23 19:10:40.706 START: workQueue.size: 1, waited for: 3287ms, org.apache.isis.applib.value.Clob: #introspectUpTo( TYPE_INTROSPECTED )
2020-06-23 19:10:40.711 END: completed in: 5ms, org.apache.isis.applib.value.Clob: #introspectUpTo( TYPE_INTROSPECTED )
2020-06-23 19:10:40.711 START: workQueue.size: 1, waited for: 3292ms, domainapp.modules.simple.dom.impl.profesor.Profesor: #introspectUpTo( TYPE_INTROSPECTED )
2020-06-23 19:10:40.721 END: completed in: 117ms, org.joda.time.LocalTime: #introspectUpTo( TYPE_INTROSPECTED )
2020-06-23 19:10:40.721 START: workQueue.size: 1, waited for: 3302ms, org.apache.isis.objectstore.jdo.applib.service.DomainChangeJdoAbstract: #introspectUpTo( TYPE_INTROSPECTED )
2020-06-23 19:10:40.807 END: completed in: 86ms, org.apache.isis.objectstore.jdo.applib.service.DomainChangeJdoAbstract: #introspectUpTo( TYPE_INTROSPECTED )
2020-06-23 19:10:40.807 START: workQueue.size: 1, waited for: 3388ms, domainapp.modules.simple.dom.impl.socio.Socio: #introspectUpTo( TYPE_INTROSPECTED )
2020-06-23 19:10:40.840 END: completed in: 33ms, domainapp.modules.simple.dom.impl.socio.Socio: #introspectUpTo( TYPE_INTROSPECTED )
2020-06-23 19:10:40.840 START: workQueue.size: 1, waited for: 3421ms, org.apache.isis.applib.domain.DomainObjectList: #introspectUpTo( TYPE_INTROSPECTED )
2020-06-23 19:10:40.840 END: completed in: 129ms, domainapp.modules.simple.dom.impl.profesor.Profesor: #introspectUpTo( TYPE_INTROSPECTED )
2020-06-23 19:10:40.840 START: workQueue.size: 1, waited for: 3421ms, org.apache.isis.applib.fixturescripts.FixtureResult: #introspectUpTo( TYPE_INTROSPECTED )
2020-06-23 19:10:40.850 END: completed in: 10ms, org.apache.isis.applib.fixturescripts.FixtureResult: #introspectUpTo( TYPE_INTROSPECTED )
2020-06-23 19:10:40.850 START: workQueue.size: 1, waited for: 3431ms, domainapp.application.services.homepage.HomePageViewModel: #introspectUpTo( TYPE_INTROSPECTED )
2020-06-23 19:10:40.856 END: completed in: 6ms, domainapp.application.services.homepage.HomePageViewModel: #introspectUpTo( TYPE_INTROSPECTED )
2020-06-23 19:10:40.858 START: workQueue.size: 1, waited for: 3437ms, org.apache.isis.applib.services.config.ConfigurationProperty: #introspectUpTo( TYPE_INTROSPECTED )
2020-06-23 19:10:40.870 END: completed in: 30ms, org.apache.isis.applib.domain.DomainObjectList: #introspectUpTo( TYPE_INTROSPECTED )
2020-06-23 19:10:40.870 START: workQueue.size: 1, waited for: 3451ms, domainapp.modules.simple.dom.impl.persona.Persona: #introspectUpTo( TYPE_INTROSPECTED )
2020-06-23 19:10:40.888 END: completed in: 16ms, domainapp.modules.simple.dom.impl.persona.Persona: #introspectUpTo( TYPE_INTROSPECTED )
2020-06-23 19:10:40.890 START: workQueue.size: 1, waited for: 3471ms, org.apache.isis.applib.fixturescripts.SimpleFixtureScript: #introspectUpTo( TYPE_INTROSPECTED )
2020-06-23 19:10:40.921 END: completed in: 65ms, org.apache.isis.applib.services.config.ConfigurationProperty: #introspectUpTo( TYPE_INTROSPECTED )
2020-06-23 19:10:40.921 START: workQueue.size: 1, waited for: 3502ms, org.apache.isis.applib.fixturescripts.FixtureScript: #introspectUpTo( TYPE_INTROSPECTED )
2020-06-23 19:10:40.939 END: completed in: 26ms, org.apache.isis.applib.fixturescripts.SimpleFixtureScript: #introspectUpTo( TYPE_INTROSPECTED )
2020-06-23 19:10:40.941 START: workQueue.size: 1, waited for: 3520ms, org.apache.isis.applib.fixturescripts.SimpleFixtureScript: #introspectUpTo( TYPE_INTROSPECTED )
2020-06-23 19:10:40.946 END: completed in: 7ms, org.apache.isis.applib.fixturescripts.SimpleFixtureScript: #introspectUpTo( TYPE_INTROSPECTED )
2020-06-23 19:10:40.946 START: workQueue.size: 1, waited for: 3527ms, org.apache.isis.applib.fixturescripts.FixtureResult: #introspectUpTo( TYPE_INTROSPECTED )
2020-06-23 19:10:40.946 END: completed in: 0ms, org.apache.isis.applib.fixturescripts.FixtureResult: #introspectUpTo( TYPE_INTROSPECTED )
2020-06-23 19:10:40.946 START: workQueue.size: 1, waited for: 3527ms, org.apache.isis.applib.fixturescripts.DiscoverableFixtureScript: #introspectUpTo( TYPE_INTROSPECTED )
2020-06-23 19:10:40.949 END: completed in: 28ms, org.apache.isis.applib.fixturescripts.FixtureScript: #introspectUpTo( TYPE_INTROSPECTED )
2020-06-23 19:10:40.951 END: completed in: 5ms, org.apache.isis.applib.fixturescripts.DiscoverableFixtureScript: #introspectUpTo( TYPE_INTROSPECTED )
2020-06-23 19:10:40.951 join'ing 150 tasks: waited 0 milliseconds 
2020-06-23 19:10:40.959 START: workQueue.size: 0, waited for: 0ms, org.apache.isis.core.runtime.system.session.IsisSessionFactory: #introspectUpTo( TYPE_AND_MEMBERS_INTROSPECTED )
2020-06-23 19:10:40.961 START: workQueue.size: 0, waited for: 2ms, org.apache.isis.core.runtime.system.persistence.PersistenceSessionFactory: #introspectUpTo( TYPE_AND_MEMBERS_INTROSPECTED )
2020-06-23 19:10:41.061 END: completed in: 102ms, org.apache.isis.core.runtime.system.session.IsisSessionFactory: #introspectUpTo( TYPE_AND_MEMBERS_INTROSPECTED )
2020-06-23 19:10:41.061 START: workQueue.size: 0, waited for: 102ms, org.apache.isis.core.metamodel.specloader.SpecificationLoader: #introspectUpTo( TYPE_AND_MEMBERS_INTROSPECTED )
2020-06-23 19:10:41.061 END: completed in: 0ms, org.apache.isis.core.metamodel.specloader.SpecificationLoader: #introspectUpTo( TYPE_AND_MEMBERS_INTROSPECTED )
2020-06-23 19:10:41.063 START: workQueue.size: 0, waited for: 102ms, org.apache.isis.core.runtime.authorization.standard.AuthorizationManagerStandard: #introspectUpTo( TYPE_AND_MEMBERS_INTROSPECTED )
2020-06-23 19:10:41.063 END: completed in: 2ms, org.apache.isis.core.runtime.authorization.standard.AuthorizationManagerStandard: #introspectUpTo( TYPE_AND_MEMBERS_INTROSPECTED )
2020-06-23 19:10:41.066 START: workQueue.size: 0, waited for: 104ms, org.apache.isis.core.runtime.authentication.standard.AuthenticationManagerStandard: #introspectUpTo( TYPE_AND_MEMBERS_INTROSPECTED )
2020-06-23 19:10:41.066 END: completed in: 3ms, org.apache.isis.core.runtime.authentication.standard.AuthenticationManagerStandard: #introspectUpTo( TYPE_AND_MEMBERS_INTROSPECTED )
2020-06-23 19:10:41.066 START: workQueue.size: 0, waited for: 107ms, org.apache.isis.core.commons.config.IsisConfigurationDefault: #introspectUpTo( TYPE_AND_MEMBERS_INTROSPECTED )
2020-06-23 19:10:41.066 END: completed in: 0ms, org.apache.isis.core.commons.config.IsisConfigurationDefault: #introspectUpTo( TYPE_AND_MEMBERS_INTROSPECTED )
2020-06-23 19:10:41.066 START: workQueue.size: 0, waited for: 107ms, org.apache.isis.core.runtime.services.deplcat.DeploymentCategoryProviderDefault: #introspectUpTo( TYPE_AND_MEMBERS_INTROSPECTED )
2020-06-23 19:10:41.066 END: completed in: 0ms, org.apache.isis.core.runtime.services.deplcat.DeploymentCategoryProviderDefault: #introspectUpTo( TYPE_AND_MEMBERS_INTROSPECTED )
2020-06-23 19:10:41.066 START: workQueue.size: 0, waited for: 107ms, org.apache.isis.objectstore.jdo.datanucleus.service.eventbus.EventBusServiceJdo: #introspectUpTo( TYPE_AND_MEMBERS_INTROSPECTED )
2020-06-23 19:10:41.066 END: completed in: 0ms, org.apache.isis.objectstore.jdo.datanucleus.service.eventbus.EventBusServiceJdo: #introspectUpTo( TYPE_AND_MEMBERS_INTROSPECTED )
2020-06-23 19:10:41.066 START: workQueue.size: 0, waited for: 107ms, org.apache.isis.applib.services.queryresultscache.QueryResultsCache$Control: #introspectUpTo( TYPE_AND_MEMBERS_INTROSPECTED )
2020-06-23 19:10:41.066 END: completed in: 0ms, org.apache.isis.applib.services.queryresultscache.QueryResultsCache$Control: #introspectUpTo( TYPE_AND_MEMBERS_INTROSPECTED )
2020-06-23 19:10:41.066 START: workQueue.size: 0, waited for: 107ms, domainapp.modules.simple.dom.impl.persona.PersonaMenu: #introspectUpTo( TYPE_AND_MEMBERS_INTROSPECTED )
2020-06-23 19:10:41.091 END: completed in: 130ms, org.apache.isis.core.runtime.system.persistence.PersistenceSessionFactory: #introspectUpTo( TYPE_AND_MEMBERS_INTROSPECTED )
2020-06-23 19:10:41.092 START: workQueue.size: 0, waited for: 132ms, org.apache.isis.applib.services.fixturespec.FixtureScriptsDefault: #introspectUpTo( TYPE_AND_MEMBERS_INTROSPECTED )
2020-06-23 19:10:41.636 END: completed in: 570ms, domainapp.modules.simple.dom.impl.persona.PersonaMenu: #introspectUpTo( TYPE_AND_MEMBERS_INTROSPECTED )
2020-06-23 19:10:41.641 START: workQueue.size: 0, waited for: 682ms, org.apache.isis.applib.services.layout.LayoutServiceMenu: #introspectUpTo( TYPE_AND_MEMBERS_INTROSPECTED )
2020-06-23 19:10:41.704 END: completed in: 613ms, org.apache.isis.applib.services.fixturespec.FixtureScriptsDefault: #introspectUpTo( TYPE_AND_MEMBERS_INTROSPECTED )
2020-06-23 19:10:41.704 START: workQueue.size: 0, waited for: 745ms, org.apache.isis.applib.services.metamodel.MetaModelServicesMenu: #introspectUpTo( TYPE_AND_MEMBERS_INTROSPECTED )
2020-06-23 19:10:41.736 END: completed in: 95ms, org.apache.isis.applib.services.layout.LayoutServiceMenu: #introspectUpTo( TYPE_AND_MEMBERS_INTROSPECTED )
2020-06-23 19:10:41.736 START: workQueue.size: 0, waited for: 777ms, org.apache.isis.applib.services.swagger.SwaggerServiceMenu: #introspectUpTo( TYPE_AND_MEMBERS_INTROSPECTED )
2020-06-23 19:10:41.756 END: completed in: 52ms, org.apache.isis.applib.services.metamodel.MetaModelServicesMenu: #introspectUpTo( TYPE_AND_MEMBERS_INTROSPECTED )
2020-06-23 19:10:41.756 START: workQueue.size: 0, waited for: 797ms, org.apache.isis.core.runtime.services.i18n.po.TranslationServicePoMenu: #introspectUpTo( TYPE_AND_MEMBERS_INTROSPECTED )
2020-06-23 19:10:41.784 END: completed in: 28ms, org.apache.isis.core.runtime.services.i18n.po.TranslationServicePoMenu: #introspectUpTo( TYPE_AND_MEMBERS_INTROSPECTED )
2020-06-23 19:10:41.784 START: workQueue.size: 0, waited for: 825ms, org.apache.isis.applib.services.hsqldb.HsqlDbManagerMenu: #introspectUpTo( TYPE_AND_MEMBERS_INTROSPECTED )
2020-06-23 19:10:41.786 END: completed in: 2ms, org.apache.isis.applib.services.hsqldb.HsqlDbManagerMenu: #introspectUpTo( TYPE_AND_MEMBERS_INTROSPECTED )
2020-06-23 19:10:41.791 START: workQueue.size: 0, waited for: 827ms, org.apache.isis.applib.services.config.ConfigurationServiceMenu: #introspectUpTo( TYPE_AND_MEMBERS_INTROSPECTED )
2020-06-23 19:10:41.796 END: completed in: 10ms, org.apache.isis.applib.services.config.ConfigurationServiceMenu: #introspectUpTo( TYPE_AND_MEMBERS_INTROSPECTED )
2020-06-23 19:10:41.796 START: workQueue.size: 0, waited for: 837ms, org.apache.isis.applib.conmap.ContentMappingServiceForCommandDto$CopyOverFromCommand: #introspectUpTo( TYPE_AND_MEMBERS_INTROSPECTED )
2020-06-23 19:10:41.796 END: completed in: 0ms, org.apache.isis.applib.conmap.ContentMappingServiceForCommandDto$CopyOverFromCommand: #introspectUpTo( TYPE_AND_MEMBERS_INTROSPECTED )
2020-06-23 19:10:41.801 START: workQueue.size: 0, waited for: 842ms, domainapp.application.services.health.HealthCheckServiceImpl: #introspectUpTo( TYPE_AND_MEMBERS_INTROSPECTED )
2020-06-23 19:10:41.801 END: completed in: 0ms, domainapp.application.services.health.HealthCheckServiceImpl: #introspectUpTo( TYPE_AND_MEMBERS_INTROSPECTED )
2020-06-23 19:10:41.801 START: workQueue.size: 0, waited for: 842ms, domainapp.application.services.homepage.HomePageService: #introspectUpTo( TYPE_AND_MEMBERS_INTROSPECTED )
2020-06-23 19:10:41.877 END: completed in: 141ms, org.apache.isis.applib.services.swagger.SwaggerServiceMenu: #introspectUpTo( TYPE_AND_MEMBERS_INTROSPECTED )
2020-06-23 19:10:41.877 START: workQueue.size: 0, waited for: 918ms, domainapp.modules.simple.dom.impl.socio.SocioRepository: #introspectUpTo( TYPE_AND_MEMBERS_INTROSPECTED )
2020-06-23 19:10:41.881 END: completed in: 4ms, domainapp.modules.simple.dom.impl.socio.SocioRepository: #introspectUpTo( TYPE_AND_MEMBERS_INTROSPECTED )
2020-06-23 19:10:41.881 START: workQueue.size: 0, waited for: 922ms, org.apache.isis.applib.services.dto.DtoMappingHelper: #introspectUpTo( TYPE_AND_MEMBERS_INTROSPECTED )
2020-06-23 19:10:41.881 END: completed in: 0ms, org.apache.isis.applib.services.dto.DtoMappingHelper: #introspectUpTo( TYPE_AND_MEMBERS_INTROSPECTED )
2020-06-23 19:10:41.881 START: workQueue.size: 0, waited for: 922ms, org.apache.isis.core.runtime.services.background.CommandExecutorServiceDefault: #introspectUpTo( TYPE_AND_MEMBERS_INTROSPECTED )
2020-06-23 19:10:41.881 END: completed in: 0ms, org.apache.isis.core.runtime.services.background.CommandExecutorServiceDefault: #introspectUpTo( TYPE_AND_MEMBERS_INTROSPECTED )
2020-06-23 19:10:41.881 START: workQueue.size: 0, waited for: 922ms, org.apache.isis.core.runtime.services.menubars.MenuBarsLoaderServiceDefault: #introspectUpTo( TYPE_AND_MEMBERS_INTROSPECTED )
2020-06-23 19:10:41.881 END: completed in: 0ms, org.apache.isis.core.runtime.services.menubars.MenuBarsLoaderServiceDefault: #introspectUpTo( TYPE_AND_MEMBERS_INTROSPECTED )
2020-06-23 19:10:41.881 START: workQueue.size: 0, waited for: 922ms, org.apache.isis.core.runtime.services.menubars.bootstrap3.MenuBarsServiceBS3: #introspectUpTo( TYPE_AND_MEMBERS_INTROSPECTED )
2020-06-23 19:10:41.881 END: completed in: 0ms, org.apache.isis.core.runtime.services.menubars.bootstrap3.MenuBarsServiceBS3: #introspectUpTo( TYPE_AND_MEMBERS_INTROSPECTED )
2020-06-23 19:10:41.881 START: workQueue.size: 0, waited for: 922ms, org.apache.isis.core.runtime.services.userprof.UserProfileServiceDefault: #introspectUpTo( TYPE_AND_MEMBERS_INTROSPECTED )
2020-06-23 19:10:41.881 END: completed in: 0ms, org.apache.isis.core.runtime.services.userprof.UserProfileServiceDefault: #introspectUpTo( TYPE_AND_MEMBERS_INTROSPECTED )
2020-06-23 19:10:41.881 START: workQueue.size: 0, waited for: 922ms, org.apache.isis.viewer.restfulobjects.rendering.service.conneg.ContentNegotiationServiceXRoDomainType: #introspectUpTo( TYPE_AND_MEMBERS_INTROSPECTED )
2020-06-23 19:10:41.881 END: completed in: 0ms, org.apache.isis.viewer.restfulobjects.rendering.service.conneg.ContentNegotiationServiceXRoDomainType: #introspectUpTo( TYPE_AND_MEMBERS_INTROSPECTED )
2020-06-23 19:10:41.881 START: workQueue.size: 0, waited for: 922ms, org.apache.isis.viewer.restfulobjects.rendering.service.conneg.ContentNegotiationServiceOrgApacheIsisV1: #introspectUpTo( TYPE_AND_MEMBERS_INTROSPECTED )
2020-06-23 19:10:41.885 END: completed in: 4ms, org.apache.isis.viewer.restfulobjects.rendering.service.conneg.ContentNegotiationServiceOrgApacheIsisV1: #introspectUpTo( TYPE_AND_MEMBERS_INTROSPECTED )
2020-06-23 19:10:41.886 START: workQueue.size: 0, waited for: 927ms, org.apache.isis.core.runtime.services.message.MessageServiceDefault: #introspectUpTo( TYPE_AND_MEMBERS_INTROSPECTED )
2020-06-23 19:10:41.886 END: completed in: 0ms, org.apache.isis.core.runtime.services.message.MessageServiceDefault: #introspectUpTo( TYPE_AND_MEMBERS_INTROSPECTED )
2020-06-23 19:10:41.886 START: workQueue.size: 0, waited for: 927ms, org.apache.isis.core.runtime.services.persistsession.PersistenceSessionServiceInternalDefault: #introspectUpTo( TYPE_AND_MEMBERS_INTROSPECTED )
2020-06-23 19:10:41.886 END: completed in: 0ms, org.apache.isis.core.runtime.services.persistsession.PersistenceSessionServiceInternalDefault: #introspectUpTo( TYPE_AND_MEMBERS_INTROSPECTED )
2020-06-23 19:10:41.886 START: workQueue.size: 0, waited for: 927ms, domainapp.modules.simple.dom.impl.socio.SocioMenu: #introspectUpTo( TYPE_AND_MEMBERS_INTROSPECTED )
2020-06-23 19:10:41.887 END: completed in: 86ms, domainapp.application.services.homepage.HomePageService: #introspectUpTo( TYPE_AND_MEMBERS_INTROSPECTED )
2020-06-23 19:10:41.891 START: workQueue.size: 0, waited for: 932ms, org.apache.isis.applib.annotation.Bulk$InteractionContext: #introspectUpTo( TYPE_AND_MEMBERS_INTROSPECTED )
2020-06-23 19:10:41.891 END: completed in: 0ms, org.apache.isis.applib.annotation.Bulk$InteractionContext: #introspectUpTo( TYPE_AND_MEMBERS_INTROSPECTED )
2020-06-23 19:10:41.891 START: workQueue.size: 0, waited for: 932ms, org.apache.isis.applib.conmap.ContentMappingServiceForCommandDto: #introspectUpTo( TYPE_AND_MEMBERS_INTROSPECTED )
2020-06-23 19:10:41.891 END: completed in: 0ms, org.apache.isis.applib.conmap.ContentMappingServiceForCommandDto: #introspectUpTo( TYPE_AND_MEMBERS_INTROSPECTED )
2020-06-23 19:10:41.891 START: workQueue.size: 0, waited for: 932ms, org.apache.isis.applib.conmap.ContentMappingServiceForCommandsDto: #introspectUpTo( TYPE_AND_MEMBERS_INTROSPECTED )
2020-06-23 19:10:41.891 END: completed in: 0ms, org.apache.isis.applib.conmap.ContentMappingServiceForCommandsDto: #introspectUpTo( TYPE_AND_MEMBERS_INTROSPECTED )
2020-06-23 19:10:41.891 START: workQueue.size: 0, waited for: 932ms, org.apache.isis.applib.fixturescripts.ExecutionParametersService: #introspectUpTo( TYPE_AND_MEMBERS_INTROSPECTED )
2020-06-23 19:10:41.891 END: completed in: 0ms, org.apache.isis.applib.fixturescripts.ExecutionParametersService: #introspectUpTo( TYPE_AND_MEMBERS_INTROSPECTED )
2020-06-23 19:10:41.891 START: workQueue.size: 0, waited for: 932ms, org.apache.isis.applib.services.actinvoc.ActionInvocationContext: #introspectUpTo( TYPE_AND_MEMBERS_INTROSPECTED )
2020-06-23 19:10:41.895 END: completed in: 4ms, org.apache.isis.applib.services.actinvoc.ActionInvocationContext: #introspectUpTo( TYPE_AND_MEMBERS_INTROSPECTED )
2020-06-23 19:10:41.896 START: workQueue.size: 0, waited for: 937ms, org.apache.isis.applib.services.audit.AuditerServiceLogging: #introspectUpTo( TYPE_AND_MEMBERS_INTROSPECTED )
2020-06-23 19:10:41.896 END: completed in: 0ms, org.apache.isis.applib.services.audit.AuditerServiceLogging: #introspectUpTo( TYPE_AND_MEMBERS_INTROSPECTED )
2020-06-23 19:10:41.896 START: workQueue.size: 0, waited for: 937ms, org.apache.isis.applib.services.classdiscovery.ClassDiscoveryServiceUsingReflections: #introspectUpTo( TYPE_AND_MEMBERS_INTROSPECTED )
2020-06-23 19:10:41.896 END: completed in: 0ms, org.apache.isis.applib.services.classdiscovery.ClassDiscoveryServiceUsingReflections: #introspectUpTo( TYPE_AND_MEMBERS_INTROSPECTED )
2020-06-23 19:10:41.896 START: workQueue.size: 0, waited for: 937ms, org.apache.isis.applib.services.clock.ClockService: #introspectUpTo( TYPE_AND_MEMBERS_INTROSPECTED )
2020-06-23 19:10:41.898 END: completed in: 2ms, org.apache.isis.applib.services.clock.ClockService: #introspectUpTo( TYPE_AND_MEMBERS_INTROSPECTED )
2020-06-23 19:10:41.898 START: workQueue.size: 0, waited for: 939ms, org.apache.isis.applib.services.command.CommandContext: #introspectUpTo( TYPE_AND_MEMBERS_INTROSPECTED )
2020-06-23 19:10:41.898 END: completed in: 0ms, org.apache.isis.applib.services.command.CommandContext: #introspectUpTo( TYPE_AND_MEMBERS_INTROSPECTED )
2020-06-23 19:10:41.898 START: workQueue.size: 0, waited for: 939ms, org.apache.isis.applib.services.iactn.InteractionContext: #introspectUpTo( TYPE_AND_MEMBERS_INTROSPECTED )
2020-06-23 19:10:41.898 END: completed in: 0ms, org.apache.isis.applib.services.iactn.InteractionContext: #introspectUpTo( TYPE_AND_MEMBERS_INTROSPECTED )
2020-06-23 19:10:41.898 START: workQueue.size: 0, waited for: 939ms, org.apache.isis.applib.services.publish.PublisherServiceLogging: #introspectUpTo( TYPE_AND_MEMBERS_INTROSPECTED )
2020-06-23 19:10:41.898 END: completed in: 0ms, org.apache.isis.applib.services.publish.PublisherServiceLogging: #introspectUpTo( TYPE_AND_MEMBERS_INTROSPECTED )
2020-06-23 19:10:41.898 START: workQueue.size: 0, waited for: 939ms, org.apache.isis.applib.services.queryresultscache.QueryResultsCache: #introspectUpTo( TYPE_AND_MEMBERS_INTROSPECTED )
2020-06-23 19:10:41.898 END: completed in: 0ms, org.apache.isis.applib.services.queryresultscache.QueryResultsCache: #introspectUpTo( TYPE_AND_MEMBERS_INTROSPECTED )
2020-06-23 19:10:41.898 START: workQueue.size: 0, waited for: 939ms, org.apache.isis.applib.services.routing.RoutingServiceDefault: #introspectUpTo( TYPE_AND_MEMBERS_INTROSPECTED )
2020-06-23 19:10:41.898 END: completed in: 0ms, org.apache.isis.applib.services.routing.RoutingServiceDefault: #introspectUpTo( TYPE_AND_MEMBERS_INTROSPECTED )
2020-06-23 19:10:41.901 START: workQueue.size: 0, waited for: 942ms, org.apache.isis.applib.services.scratchpad.Scratchpad: #introspectUpTo( TYPE_AND_MEMBERS_INTROSPECTED )
2020-06-23 19:10:41.901 END: completed in: 0ms, org.apache.isis.applib.services.scratchpad.Scratchpad: #introspectUpTo( TYPE_AND_MEMBERS_INTROSPECTED )
2020-06-23 19:10:41.901 START: workQueue.size: 0, waited for: 942ms, org.apache.isis.applib.services.tablecol.TableColumnOrderService$Default: #introspectUpTo( TYPE_AND_MEMBERS_INTROSPECTED )
2020-06-23 19:10:41.901 END: completed in: 0ms, org.apache.isis.applib.services.tablecol.TableColumnOrderService$Default: #introspectUpTo( TYPE_AND_MEMBERS_INTROSPECTED )
2020-06-23 19:10:41.901 START: workQueue.size: 0, waited for: 942ms, org.apache.isis.applib.services.urlencoding.UrlEncodingServiceUsingBaseEncoding: #introspectUpTo( TYPE_AND_MEMBERS_INTROSPECTED )
2020-06-23 19:10:41.901 END: completed in: 0ms, org.apache.isis.applib.services.urlencoding.UrlEncodingServiceUsingBaseEncoding: #introspectUpTo( TYPE_AND_MEMBERS_INTROSPECTED )
2020-06-23 19:10:41.901 START: workQueue.size: 0, waited for: 942ms, org.apache.isis.core.metamodel.services.appfeat.ApplicationFeatureFactory: #introspectUpTo( TYPE_AND_MEMBERS_INTROSPECTED )
2020-06-23 19:10:41.901 END: completed in: 0ms, org.apache.isis.core.metamodel.services.appfeat.ApplicationFeatureFactory: #introspectUpTo( TYPE_AND_MEMBERS_INTROSPECTED )
2020-06-23 19:10:41.901 START: workQueue.size: 0, waited for: 942ms, org.apache.isis.core.metamodel.services.appfeat.ApplicationFeatureRepositoryDefault: #introspectUpTo( TYPE_AND_MEMBERS_INTROSPECTED )
2020-06-23 19:10:41.906 END: completed in: 5ms, org.apache.isis.core.metamodel.services.appfeat.ApplicationFeatureRepositoryDefault: #introspectUpTo( TYPE_AND_MEMBERS_INTROSPECTED )
2020-06-23 19:10:41.906 START: workQueue.size: 0, waited for: 947ms, org.apache.isis.core.metamodel.services.bookmarks.BookmarkServiceInternalDefault: #introspectUpTo( TYPE_AND_MEMBERS_INTROSPECTED )
2020-06-23 19:10:41.906 END: completed in: 0ms, org.apache.isis.core.metamodel.services.bookmarks.BookmarkServiceInternalDefault: #introspectUpTo( TYPE_AND_MEMBERS_INTROSPECTED )
2020-06-23 19:10:41.906 START: workQueue.size: 0, waited for: 947ms, org.apache.isis.core.metamodel.services.config.ConfigurationServiceDefault: #introspectUpTo( TYPE_AND_MEMBERS_INTROSPECTED )
2020-06-23 19:10:41.906 END: completed in: 0ms, org.apache.isis.core.metamodel.services.config.ConfigurationServiceDefault: #introspectUpTo( TYPE_AND_MEMBERS_INTROSPECTED )
2020-06-23 19:10:41.906 START: workQueue.size: 0, waited for: 947ms, org.apache.isis.core.metamodel.services.container.DomainObjectContainerDefault: #introspectUpTo( TYPE_AND_MEMBERS_INTROSPECTED )
2020-06-23 19:10:41.908 END: completed in: 2ms, org.apache.isis.core.metamodel.services.container.DomainObjectContainerDefault: #introspectUpTo( TYPE_AND_MEMBERS_INTROSPECTED )
2020-06-23 19:10:41.908 START: workQueue.size: 0, waited for: 949ms, org.apache.isis.core.metamodel.services.factory.FactoryServiceInternalDefault: #introspectUpTo( TYPE_AND_MEMBERS_INTROSPECTED )
2020-06-23 19:10:41.908 END: completed in: 0ms, org.apache.isis.core.metamodel.services.factory.FactoryServiceInternalDefault: #introspectUpTo( TYPE_AND_MEMBERS_INTROSPECTED )
2020-06-23 19:10:41.908 START: workQueue.size: 0, waited for: 949ms, org.apache.isis.core.metamodel.services.grid.GridLoaderServiceDefault: #introspectUpTo( TYPE_AND_MEMBERS_INTROSPECTED )
2020-06-23 19:10:41.911 END: completed in: 0ms, org.apache.isis.core.metamodel.services.grid.GridLoaderServiceDefault: #introspectUpTo( TYPE_AND_MEMBERS_INTROSPECTED )
2020-06-23 19:10:41.911 START: workQueue.size: 0, waited for: 952ms, org.apache.isis.core.metamodel.services.grid.GridServiceDefault: #introspectUpTo( TYPE_AND_MEMBERS_INTROSPECTED )
2020-06-23 19:10:41.911 END: completed in: 0ms, org.apache.isis.core.metamodel.services.grid.GridServiceDefault: #introspectUpTo( TYPE_AND_MEMBERS_INTROSPECTED )
2020-06-23 19:10:41.911 START: workQueue.size: 0, waited for: 952ms, org.apache.isis.core.metamodel.services.grid.bootstrap3.GridSystemServiceBS3: #introspectUpTo( TYPE_AND_MEMBERS_INTROSPECTED )
2020-06-23 19:10:41.911 END: completed in: 0ms, org.apache.isis.core.metamodel.services.grid.bootstrap3.GridSystemServiceBS3: #introspectUpTo( TYPE_AND_MEMBERS_INTROSPECTED )
2020-06-23 19:10:41.911 START: workQueue.size: 0, waited for: 952ms, org.apache.isis.core.metamodel.services.layout.LayoutServiceDefault: #introspectUpTo( TYPE_AND_MEMBERS_INTROSPECTED )
2020-06-23 19:10:41.911 END: completed in: 0ms, org.apache.isis.core.metamodel.services.layout.LayoutServiceDefault: #introspectUpTo( TYPE_AND_MEMBERS_INTROSPECTED )
2020-06-23 19:10:41.911 START: workQueue.size: 0, waited for: 952ms, org.apache.isis.core.metamodel.services.message.MessageServiceNoop: #introspectUpTo( TYPE_AND_MEMBERS_INTROSPECTED )
2020-06-23 19:10:41.911 END: completed in: 0ms, org.apache.isis.core.metamodel.services.message.MessageServiceNoop: #introspectUpTo( TYPE_AND_MEMBERS_INTROSPECTED )
2020-06-23 19:10:41.911 START: workQueue.size: 0, waited for: 952ms, org.apache.isis.core.metamodel.services.metamodel.MetaModelServiceDefault: #introspectUpTo( TYPE_AND_MEMBERS_INTROSPECTED )
2020-06-23 19:10:41.911 END: completed in: 0ms, org.apache.isis.core.metamodel.services.metamodel.MetaModelServiceDefault: #introspectUpTo( TYPE_AND_MEMBERS_INTROSPECTED )
2020-06-23 19:10:41.911 START: workQueue.size: 0, waited for: 952ms, org.apache.isis.core.metamodel.services.persistsession.PersistenceSessionServiceInternalNoop: #introspectUpTo( TYPE_AND_MEMBERS_INTROSPECTED )
2020-06-23 19:10:41.911 END: completed in: 0ms, org.apache.isis.core.metamodel.services.persistsession.PersistenceSessionServiceInternalNoop: #introspectUpTo( TYPE_AND_MEMBERS_INTROSPECTED )
2020-06-23 19:10:41.911 START: workQueue.size: 0, waited for: 952ms, org.apache.isis.core.metamodel.services.registry.ServiceRegistryDefault: #introspectUpTo( TYPE_AND_MEMBERS_INTROSPECTED )
2020-06-23 19:10:41.916 END: completed in: 5ms, org.apache.isis.core.metamodel.services.registry.ServiceRegistryDefault: #introspectUpTo( TYPE_AND_MEMBERS_INTROSPECTED )
2020-06-23 19:10:41.916 START: workQueue.size: 0, waited for: 957ms, org.apache.isis.core.metamodel.services.repository.RepositoryServiceInternalDefault: #introspectUpTo( TYPE_AND_MEMBERS_INTROSPECTED )
2020-06-23 19:10:41.916 END: completed in: 0ms, org.apache.isis.core.metamodel.services.repository.RepositoryServiceInternalDefault: #introspectUpTo( TYPE_AND_MEMBERS_INTROSPECTED )
2020-06-23 19:10:41.916 START: workQueue.size: 0, waited for: 957ms, org.apache.isis.core.metamodel.services.swagger.SwaggerServiceDefault: #introspectUpTo( TYPE_AND_MEMBERS_INTROSPECTED )
2020-06-23 19:10:41.916 END: completed in: 0ms, org.apache.isis.core.metamodel.services.swagger.SwaggerServiceDefault: #introspectUpTo( TYPE_AND_MEMBERS_INTROSPECTED )
2020-06-23 19:10:41.916 START: workQueue.size: 0, waited for: 957ms, org.apache.isis.core.metamodel.services.title.TitleServiceDefault: #introspectUpTo( TYPE_AND_MEMBERS_INTROSPECTED )
2020-06-23 19:10:41.916 END: completed in: 0ms, org.apache.isis.core.metamodel.services.title.TitleServiceDefault: #introspectUpTo( TYPE_AND_MEMBERS_INTROSPECTED )
2020-06-23 19:10:41.918 START: workQueue.size: 0, waited for: 959ms, org.apache.isis.core.metamodel.services.user.UserServiceDefault: #introspectUpTo( TYPE_AND_MEMBERS_INTROSPECTED )
2020-06-23 19:10:41.918 END: completed in: 0ms, org.apache.isis.core.metamodel.services.user.UserServiceDefault: #introspectUpTo( TYPE_AND_MEMBERS_INTROSPECTED )
2020-06-23 19:10:41.918 START: workQueue.size: 0, waited for: 959ms, org.apache.isis.core.metamodel.services.user.UserServiceDefault$SudoServiceSpi: #introspectUpTo( TYPE_AND_MEMBERS_INTROSPECTED )
2020-06-23 19:10:41.918 END: completed in: 0ms, org.apache.isis.core.metamodel.services.user.UserServiceDefault$SudoServiceSpi: #introspectUpTo( TYPE_AND_MEMBERS_INTROSPECTED )
2020-06-23 19:10:41.918 START: workQueue.size: 0, waited for: 959ms, org.apache.isis.core.metamodel.services.xactn.TransactionServiceDefault: #introspectUpTo( TYPE_AND_MEMBERS_INTROSPECTED )
2020-06-23 19:10:41.918 END: completed in: 0ms, org.apache.isis.core.metamodel.services.xactn.TransactionServiceDefault: #introspectUpTo( TYPE_AND_MEMBERS_INTROSPECTED )
2020-06-23 19:10:41.918 START: workQueue.size: 0, waited for: 959ms, org.apache.isis.core.runtime.services.auditing.AuditingServiceInternal: #introspectUpTo( TYPE_AND_MEMBERS_INTROSPECTED )
2020-06-23 19:10:41.918 END: completed in: 0ms, org.apache.isis.core.runtime.services.auditing.AuditingServiceInternal: #introspectUpTo( TYPE_AND_MEMBERS_INTROSPECTED )
2020-06-23 19:10:41.918 START: workQueue.size: 0, waited for: 959ms, org.apache.isis.core.runtime.services.authsess.AuthenticationSessionProviderDefault: #introspectUpTo( TYPE_AND_MEMBERS_INTROSPECTED )
2020-06-23 19:10:41.921 END: completed in: 3ms, org.apache.isis.core.runtime.services.authsess.AuthenticationSessionProviderDefault: #introspectUpTo( TYPE_AND_MEMBERS_INTROSPECTED )
2020-06-23 19:10:41.921 START: workQueue.size: 0, waited for: 962ms, org.apache.isis.core.runtime.services.background.BackgroundServiceDefault: #introspectUpTo( TYPE_AND_MEMBERS_INTROSPECTED )
2020-06-23 19:10:41.921 END: completed in: 0ms, org.apache.isis.core.runtime.services.background.BackgroundServiceDefault: #introspectUpTo( TYPE_AND_MEMBERS_INTROSPECTED )
2020-06-23 19:10:41.921 START: workQueue.size: 0, waited for: 962ms, org.apache.isis.core.runtime.services.changes.ChangedObjectsServiceInternal: #introspectUpTo( TYPE_AND_MEMBERS_INTROSPECTED )
2020-06-23 19:10:41.921 END: completed in: 0ms, org.apache.isis.core.runtime.services.changes.ChangedObjectsServiceInternal: #introspectUpTo( TYPE_AND_MEMBERS_INTROSPECTED )
2020-06-23 19:10:41.921 START: workQueue.size: 0, waited for: 962ms, org.apache.isis.core.runtime.services.command.CommandDtoServiceInternalDefault: #introspectUpTo( TYPE_AND_MEMBERS_INTROSPECTED )
2020-06-23 19:10:41.921 END: completed in: 0ms, org.apache.isis.core.runtime.services.command.CommandDtoServiceInternalDefault: #introspectUpTo( TYPE_AND_MEMBERS_INTROSPECTED )
2020-06-23 19:10:41.921 START: workQueue.size: 0, waited for: 962ms, org.apache.isis.core.runtime.services.command.CommandServiceDefault: #introspectUpTo( TYPE_AND_MEMBERS_INTROSPECTED )
2020-06-23 19:10:41.921 END: completed in: 0ms, org.apache.isis.core.runtime.services.command.CommandServiceDefault: #introspectUpTo( TYPE_AND_MEMBERS_INTROSPECTED )
2020-06-23 19:10:41.921 START: workQueue.size: 0, waited for: 962ms, org.apache.isis.core.runtime.services.email.EmailServiceDefault: #introspectUpTo( TYPE_AND_MEMBERS_INTROSPECTED )
2020-06-23 19:10:41.938 END: completed in: 17ms, org.apache.isis.core.runtime.services.email.EmailServiceDefault: #introspectUpTo( TYPE_AND_MEMBERS_INTROSPECTED )
2020-06-23 19:10:41.938 START: workQueue.size: 0, waited for: 979ms, org.apache.isis.core.runtime.services.homepage.HomePageProviderServiceDefault: #introspectUpTo( TYPE_AND_MEMBERS_INTROSPECTED )
2020-06-23 19:10:41.938 END: completed in: 0ms, org.apache.isis.core.runtime.services.homepage.HomePageProviderServiceDefault: #introspectUpTo( TYPE_AND_MEMBERS_INTROSPECTED )
2020-06-23 19:10:41.941 START: workQueue.size: 0, waited for: 982ms, org.apache.isis.core.runtime.services.i18n.po.TranslationServicePo: #introspectUpTo( TYPE_AND_MEMBERS_INTROSPECTED )
2020-06-23 19:10:41.941 END: completed in: 0ms, org.apache.isis.core.runtime.services.i18n.po.TranslationServicePo: #introspectUpTo( TYPE_AND_MEMBERS_INTROSPECTED )
2020-06-23 19:10:41.941 START: workQueue.size: 0, waited for: 982ms, org.apache.isis.core.runtime.services.ixn.InteractionDtoServiceInternalDefault: #introspectUpTo( TYPE_AND_MEMBERS_INTROSPECTED )
2020-06-23 19:10:41.941 END: completed in: 0ms, org.apache.isis.core.runtime.services.ixn.InteractionDtoServiceInternalDefault: #introspectUpTo( TYPE_AND_MEMBERS_INTROSPECTED )
2020-06-23 19:10:41.941 START: workQueue.size: 0, waited for: 982ms, org.apache.isis.core.runtime.services.memento.MementoServiceDefault: #introspectUpTo( TYPE_AND_MEMBERS_INTROSPECTED )
2020-06-23 19:10:41.941 END: completed in: 0ms, org.apache.isis.core.runtime.services.memento.MementoServiceDefault: #introspectUpTo( TYPE_AND_MEMBERS_INTROSPECTED )
2020-06-23 19:10:41.941 START: workQueue.size: 0, waited for: 982ms, org.apache.isis.core.runtime.services.metrics.MetricsServiceDefault: #introspectUpTo( TYPE_AND_MEMBERS_INTROSPECTED )
2020-06-23 19:10:41.941 END: completed in: 0ms, org.apache.isis.core.runtime.services.metrics.MetricsServiceDefault: #introspectUpTo( TYPE_AND_MEMBERS_INTROSPECTED )
2020-06-23 19:10:41.941 START: workQueue.size: 0, waited for: 982ms, org.apache.isis.core.runtime.services.publish.PublishingServiceInternalDefault: #introspectUpTo( TYPE_AND_MEMBERS_INTROSPECTED )
2020-06-23 19:10:41.967 END: completed in: 26ms, org.apache.isis.core.runtime.services.publish.PublishingServiceInternalDefault: #introspectUpTo( TYPE_AND_MEMBERS_INTROSPECTED )
2020-06-23 19:10:41.967 START: workQueue.size: 0, waited for: 1008ms, org.apache.isis.core.runtime.services.sessmgmt.SessionManagementServiceDefault: #introspectUpTo( TYPE_AND_MEMBERS_INTROSPECTED )
2020-06-23 19:10:41.967 END: completed in: 0ms, org.apache.isis.core.runtime.services.sessmgmt.SessionManagementServiceDefault: #introspectUpTo( TYPE_AND_MEMBERS_INTROSPECTED )
2020-06-23 19:10:41.967 START: workQueue.size: 0, waited for: 1008ms, org.apache.isis.core.runtime.services.sudo.SudoServiceDefault: #introspectUpTo( TYPE_AND_MEMBERS_INTROSPECTED )
2020-06-23 19:10:41.967 END: completed in: 0ms, org.apache.isis.core.runtime.services.sudo.SudoServiceDefault: #introspectUpTo( TYPE_AND_MEMBERS_INTROSPECTED )
2020-06-23 19:10:41.967 START: workQueue.size: 0, waited for: 1008ms, org.apache.isis.core.runtime.services.userreg.EmailNotificationServiceDefault: #introspectUpTo( TYPE_AND_MEMBERS_INTROSPECTED )
2020-06-23 19:10:41.969 END: completed in: 2ms, org.apache.isis.core.runtime.services.userreg.EmailNotificationServiceDefault: #introspectUpTo( TYPE_AND_MEMBERS_INTROSPECTED )
2020-06-23 19:10:41.969 START: workQueue.size: 0, waited for: 1010ms, org.apache.isis.core.runtime.services.xmlsnapshot.XmlSnapshotServiceDefault: #introspectUpTo( TYPE_AND_MEMBERS_INTROSPECTED )
2020-06-23 19:10:41.969 END: completed in: 0ms, org.apache.isis.core.runtime.services.xmlsnapshot.XmlSnapshotServiceDefault: #introspectUpTo( TYPE_AND_MEMBERS_INTROSPECTED )
2020-06-23 19:10:41.971 START: workQueue.size: 0, waited for: 1010ms, org.apache.isis.core.wrapper.WrapperFactoryDefault: #introspectUpTo( TYPE_AND_MEMBERS_INTROSPECTED )
2020-06-23 19:10:41.971 END: completed in: 2ms, org.apache.isis.core.wrapper.WrapperFactoryDefault: #introspectUpTo( TYPE_AND_MEMBERS_INTROSPECTED )
2020-06-23 19:10:41.971 START: workQueue.size: 0, waited for: 1012ms, org.apache.isis.objectstore.jdo.applib.service.exceprecog.ExceptionRecognizerCompositeForJdoObjectStore: #introspectUpTo( TYPE_AND_MEMBERS_INTROSPECTED )
2020-06-23 19:10:41.977 END: completed in: 6ms, org.apache.isis.objectstore.jdo.applib.service.exceprecog.ExceptionRecognizerCompositeForJdoObjectStore: #introspectUpTo( TYPE_AND_MEMBERS_INTROSPECTED )
2020-06-23 19:10:41.977 START: workQueue.size: 0, waited for: 1018ms, org.apache.isis.objectstore.jdo.datanucleus.service.support.IsisJdoSupportImpl: #introspectUpTo( TYPE_AND_MEMBERS_INTROSPECTED )
2020-06-23 19:10:41.977 END: completed in: 0ms, org.apache.isis.objectstore.jdo.datanucleus.service.support.IsisJdoSupportImpl: #introspectUpTo( TYPE_AND_MEMBERS_INTROSPECTED )
2020-06-23 19:10:41.979 START: workQueue.size: 0, waited for: 1020ms, org.apache.isis.objectstore.jdo.datanucleus.service.support.TimestampService: #introspectUpTo( TYPE_AND_MEMBERS_INTROSPECTED )
2020-06-23 19:10:41.979 END: completed in: 0ms, org.apache.isis.objectstore.jdo.datanucleus.service.support.TimestampService: #introspectUpTo( TYPE_AND_MEMBERS_INTROSPECTED )
2020-06-23 19:10:41.979 START: workQueue.size: 0, waited for: 1020ms, org.apache.isis.schema.services.jaxb.JaxbServiceDefault: #introspectUpTo( TYPE_AND_MEMBERS_INTROSPECTED )
2020-06-23 19:10:41.979 END: completed in: 0ms, org.apache.isis.schema.services.jaxb.JaxbServiceDefault: #introspectUpTo( TYPE_AND_MEMBERS_INTROSPECTED )
2020-06-23 19:10:41.981 START: workQueue.size: 0, waited for: 1020ms, org.apache.isis.viewer.restfulobjects.rendering.service.RepresentationServiceContentNegotiator: #introspectUpTo( TYPE_AND_MEMBERS_INTROSPECTED )
2020-06-23 19:10:41.981 END: completed in: 2ms, org.apache.isis.viewer.restfulobjects.rendering.service.RepresentationServiceContentNegotiator: #introspectUpTo( TYPE_AND_MEMBERS_INTROSPECTED )
2020-06-23 19:10:41.981 START: workQueue.size: 0, waited for: 1022ms, org.apache.isis.viewer.restfulobjects.rendering.service.RepresentationServiceForRestfulObjects: #introspectUpTo( TYPE_AND_MEMBERS_INTROSPECTED )
2020-06-23 19:10:41.981 END: completed in: 0ms, org.apache.isis.viewer.restfulobjects.rendering.service.RepresentationServiceForRestfulObjects: #introspectUpTo( TYPE_AND_MEMBERS_INTROSPECTED )
2020-06-23 19:10:41.981 START: workQueue.size: 0, waited for: 1022ms, org.apache.isis.viewer.restfulobjects.rendering.service.acceptheader.AcceptHeaderServiceForRest: #introspectUpTo( TYPE_AND_MEMBERS_INTROSPECTED )
2020-06-23 19:10:41.981 END: completed in: 0ms, org.apache.isis.viewer.restfulobjects.rendering.service.acceptheader.AcceptHeaderServiceForRest: #introspectUpTo( TYPE_AND_MEMBERS_INTROSPECTED )
2020-06-23 19:10:41.981 START: workQueue.size: 0, waited for: 1022ms, org.apache.isis.viewer.restfulobjects.rendering.service.conneg.ContentNegotiationServiceForRestfulObjectsV1_0: #introspectUpTo( TYPE_AND_MEMBERS_INTROSPECTED )
2020-06-23 19:10:41.981 END: completed in: 0ms, org.apache.isis.viewer.restfulobjects.rendering.service.conneg.ContentNegotiationServiceForRestfulObjectsV1_0: #introspectUpTo( TYPE_AND_MEMBERS_INTROSPECTED )
2020-06-23 19:10:41.981 START: workQueue.size: 0, waited for: 1022ms, org.apache.isis.viewer.wicket.viewer.services.BookmarkUiServiceWicket: #introspectUpTo( TYPE_AND_MEMBERS_INTROSPECTED )
2020-06-23 19:10:41.981 END: completed in: 0ms, org.apache.isis.viewer.wicket.viewer.services.BookmarkUiServiceWicket: #introspectUpTo( TYPE_AND_MEMBERS_INTROSPECTED )
2020-06-23 19:10:41.981 START: workQueue.size: 0, waited for: 1022ms, org.apache.isis.viewer.wicket.viewer.services.DeepLinkServiceWicket: #introspectUpTo( TYPE_AND_MEMBERS_INTROSPECTED )
2020-06-23 19:10:41.981 END: completed in: 0ms, org.apache.isis.viewer.wicket.viewer.services.DeepLinkServiceWicket: #introspectUpTo( TYPE_AND_MEMBERS_INTROSPECTED )
2020-06-23 19:10:41.981 START: workQueue.size: 0, waited for: 1022ms, org.apache.isis.viewer.wicket.viewer.services.GuiceBeanProviderWicket: #introspectUpTo( TYPE_AND_MEMBERS_INTROSPECTED )
2020-06-23 19:10:41.981 END: completed in: 0ms, org.apache.isis.viewer.wicket.viewer.services.GuiceBeanProviderWicket: #introspectUpTo( TYPE_AND_MEMBERS_INTROSPECTED )
2020-06-23 19:10:41.981 START: workQueue.size: 0, waited for: 1022ms, org.apache.isis.viewer.wicket.viewer.services.HintStoreUsingWicketSession: #introspectUpTo( TYPE_AND_MEMBERS_INTROSPECTED )
2020-06-23 19:10:41.986 END: completed in: 5ms, org.apache.isis.viewer.wicket.viewer.services.HintStoreUsingWicketSession: #introspectUpTo( TYPE_AND_MEMBERS_INTROSPECTED )
2020-06-23 19:10:41.986 START: workQueue.size: 0, waited for: 1027ms, org.apache.isis.viewer.wicket.viewer.services.LocaleProviderWicket: #introspectUpTo( TYPE_AND_MEMBERS_INTROSPECTED )
2020-06-23 19:10:41.987 END: completed in: 1ms, org.apache.isis.viewer.wicket.viewer.services.LocaleProviderWicket: #introspectUpTo( TYPE_AND_MEMBERS_INTROSPECTED )
2020-06-23 19:10:41.987 START: workQueue.size: 0, waited for: 1028ms, org.apache.isis.viewer.wicket.viewer.services.TranslationsResolverWicket: #introspectUpTo( TYPE_AND_MEMBERS_INTROSPECTED )
2020-06-23 19:10:41.987 END: completed in: 0ms, org.apache.isis.viewer.wicket.viewer.services.TranslationsResolverWicket: #introspectUpTo( TYPE_AND_MEMBERS_INTROSPECTED )
2020-06-23 19:10:42.139 END: completed in: 253ms, domainapp.modules.simple.dom.impl.socio.SocioMenu: #introspectUpTo( TYPE_AND_MEMBERS_INTROSPECTED )
2020-06-23 19:10:42.139 join'ing 99 tasks: waited 0 milliseconds 
2020-06-23 19:10:42.335 START: workQueue.size: 0, waited for: 2ms, org.apache.isis.core.metamodel.services.jdosupport.Persistable_datanucleusIdLong: #introspectUpTo( TYPE_AND_MEMBERS_INTROSPECTED )
2020-06-23 19:10:42.336 START: workQueue.size: 0, waited for: 5ms, org.apache.isis.applib.services.layout.Object_openRestApi: #introspectUpTo( TYPE_AND_MEMBERS_INTROSPECTED )
2020-06-23 19:10:42.351 END: completed in: 15ms, org.apache.isis.applib.services.layout.Object_openRestApi: #introspectUpTo( TYPE_AND_MEMBERS_INTROSPECTED )
2020-06-23 19:10:42.351 END: completed in: 18ms, org.apache.isis.core.metamodel.services.jdosupport.Persistable_datanucleusIdLong: #introspectUpTo( TYPE_AND_MEMBERS_INTROSPECTED )
2020-06-23 19:10:42.351 START: workQueue.size: 0, waited for: 20ms, org.apache.isis.core.metamodel.services.jdosupport.Persistable_datanucleusVersionTimestamp: #introspectUpTo( TYPE_AND_MEMBERS_INTROSPECTED )
2020-06-23 19:10:42.354 START: workQueue.size: 0, waited for: 23ms, org.apache.isis.core.metamodel.services.jdosupport.Persistable_datanucleusVersionLong: #introspectUpTo( TYPE_AND_MEMBERS_INTROSPECTED )
2020-06-23 19:10:42.361 END: completed in: 10ms, org.apache.isis.core.metamodel.services.jdosupport.Persistable_datanucleusVersionTimestamp: #introspectUpTo( TYPE_AND_MEMBERS_INTROSPECTED )
2020-06-23 19:10:42.361 START: workQueue.size: 0, waited for: 30ms, org.apache.isis.applib.services.dto.Dto_downloadXsd: #introspectUpTo( TYPE_AND_MEMBERS_INTROSPECTED )
2020-06-23 19:10:42.364 END: completed in: 10ms, org.apache.isis.core.metamodel.services.jdosupport.Persistable_datanucleusVersionLong: #introspectUpTo( TYPE_AND_MEMBERS_INTROSPECTED )
2020-06-23 19:10:42.364 START: workQueue.size: 0, waited for: 33ms, org.apache.isis.applib.services.bookmark.BookmarkHolder_lookup: #introspectUpTo( TYPE_AND_MEMBERS_INTROSPECTED )
2020-06-23 19:10:42.366 END: completed in: 2ms, org.apache.isis.applib.services.bookmark.BookmarkHolder_lookup: #introspectUpTo( TYPE_AND_MEMBERS_INTROSPECTED )
2020-06-23 19:10:42.366 START: workQueue.size: 0, waited for: 35ms, org.apache.isis.core.metamodel.services.jdosupport.Persistable_downloadJdoMetadata: #introspectUpTo( TYPE_AND_MEMBERS_INTROSPECTED )
2020-06-23 19:10:42.376 END: completed in: 10ms, org.apache.isis.core.metamodel.services.jdosupport.Persistable_downloadJdoMetadata: #introspectUpTo( TYPE_AND_MEMBERS_INTROSPECTED )
2020-06-23 19:10:42.376 START: workQueue.size: 0, waited for: 45ms, org.apache.isis.viewer.wicket.viewer.services.Object_clearHints: #introspectUpTo( TYPE_AND_MEMBERS_INTROSPECTED )
2020-06-23 19:10:42.391 END: completed in: 15ms, org.apache.isis.viewer.wicket.viewer.services.Object_clearHints: #introspectUpTo( TYPE_AND_MEMBERS_INTROSPECTED )
2020-06-23 19:10:42.391 START: workQueue.size: 0, waited for: 60ms, org.apache.isis.applib.services.dto.Dto_downloadXml: #introspectUpTo( TYPE_AND_MEMBERS_INTROSPECTED )
2020-06-23 19:10:42.401 END: completed in: 10ms, org.apache.isis.applib.services.dto.Dto_downloadXml: #introspectUpTo( TYPE_AND_MEMBERS_INTROSPECTED )
2020-06-23 19:10:42.401 START: workQueue.size: 0, waited for: 70ms, org.apache.isis.applib.services.layout.Object_rebuildMetamodel: #introspectUpTo( TYPE_AND_MEMBERS_INTROSPECTED )
2020-06-23 19:10:42.406 END: completed in: 5ms, org.apache.isis.applib.services.layout.Object_rebuildMetamodel: #introspectUpTo( TYPE_AND_MEMBERS_INTROSPECTED )
2020-06-23 19:10:42.406 START: workQueue.size: 0, waited for: 75ms, org.apache.isis.applib.services.bookmark.BookmarkHolder_object: #introspectUpTo( TYPE_AND_MEMBERS_INTROSPECTED )
2020-06-23 19:10:42.411 END: completed in: 50ms, org.apache.isis.applib.services.dto.Dto_downloadXsd: #introspectUpTo( TYPE_AND_MEMBERS_INTROSPECTED )
2020-06-23 19:10:42.411 START: workQueue.size: 0, waited for: 80ms, org.apache.isis.applib.services.layout.Object_downloadLayoutXml: #introspectUpTo( TYPE_AND_MEMBERS_INTROSPECTED )
2020-06-23 19:10:42.426 END: completed in: 15ms, org.apache.isis.applib.services.layout.Object_downloadLayoutXml: #introspectUpTo( TYPE_AND_MEMBERS_INTROSPECTED )
2020-06-23 19:10:42.436 END: completed in: 25ms, org.apache.isis.applib.services.bookmark.BookmarkHolder_object: #introspectUpTo( TYPE_AND_MEMBERS_INTROSPECTED )
2020-06-23 19:10:42.438 join'ing 12 tasks: waited 0 milliseconds 
2020-06-23 19:10:42.726 END: completed in: 5796ms, SpecificationLoader#init()
2020-06-23 19:10:45.106 END: completed in: 8177ms, persistenceSessionFactory#init(...)
2020-06-23 19:10:45.107 join'ing 5 tasks: waited 0 milliseconds 
2020-06-23 19:10:46.161 join'ing 3 tasks: waited 0 milliseconds 
